STEP to UG
! INFO-     NX STEP AP214 - V2206.8501
! INFO-      
! INFO-     Start of Translation: 9-APR-2023  3:46:10 PM
! INFO-      
! STATUS-   Converting Part: C:\Work\mamcw.prj\Model\Iter3\bearings\LMK8LUU\LMK8LUU.stp
! SUMMARY-   
! SUMMARY-    STEP Header Information
! SUMMARY-   
! SUMMARY-  Description      Unknown
! SUMMARY-  Imp_Level        2;1
! SUMMARY-  File_Name        E:\cty\Documents\Inventor\283linhkien\LMK8LUU\LMK8LUU.stp
! SUMMARY-  Date             2017-11-16T15:09:08+07:00
! SUMMARY-  Author           Thai
! SUMMARY-  Organization     Unknown
! SUMMARY-  Pre_Version      ST-DEVELOPER v16.13
! SUMMARY-  Orig_System      Autodesk Inventor 2018
! SUMMARY-  Authorization    Unknown
! SUMMARY-  Schema_ID        automotive_design
! SUMMARY-   
! SUMMARY-    Summary of STEP Entities
! SUMMARY-   
! SUMMARY-  Entity Type                                                   Count
! SUMMARY-  -----------                                                   ------
! SUMMARY-  advanced_face ..............................................:     27
! SUMMARY-  application_context ........................................:      1
! SUMMARY-  axis2_placement_3d .........................................:     50
! SUMMARY-  cartesian_point ............................................:    112
! SUMMARY-  circle .....................................................:     22
! SUMMARY-  closed_shell ...............................................:      1
! SUMMARY-  conical_surface ............................................:      2
! SUMMARY-  cylindrical_surface ........................................:     10
! SUMMARY-  direction ..................................................:    124
! SUMMARY-  edge_curve .................................................:     46
! SUMMARY-  edge_loop ..................................................:     54
! SUMMARY-  face_bound .................................................:     27
! SUMMARY-  face_outer_bound ...........................................:     27
! SUMMARY-  geometric_representation_context_and_global_uncertainty_a ..:      2
! SUMMARY-  length_unit_and_si_unit ....................................:      1
! SUMMARY-  line .......................................................:     24
! SUMMARY-  manifold_solid_brep ........................................:      1
! SUMMARY-  oriented_edge ..............................................:     92
! SUMMARY-  plane ......................................................:     15
! SUMMARY-  plane_angle_unit_and_si_unit ...............................:      1
! SUMMARY-  product ....................................................:      1
! SUMMARY-  product_context ............................................:      1
! SUMMARY-  product_definition .........................................:      1
! SUMMARY-  product_definition_context .................................:      1
! SUMMARY-  product_definition_formation ...............................:      1
! SUMMARY-  product_definition_shape ...................................:      1
! SUMMARY-  product_related_product_category ...........................:      1
! SUMMARY-  si_unit_and_solid_angle_unit ...............................:      1
! SUMMARY-  uncertainty_measure_with_unit ..............................:      2
! SUMMARY-  vector .....................................................:     24
! SUMMARY-  vertex_point ...............................................:     38
! SUMMARY-                                                               -------
! SUMMARY-  Total                                                            711
! STATUS-    
! STATUS-   Converting to Output Form (Phase 2 of 3): 9-APR-2023 3:46:10 PM
! STATUS-    
! STATUS-    
! STATUS-   Generating UG geometry and placing them in parts
! STATUS-    
! STATUS-   Creating the UG part (Phase 3 of 3): 9-APR-2023  3:46:10 PM
! INFO-     Filing Part ..: C:\Work\mamcw.prj\Model\Iter3\bearings\LMK8LUU\LMK8LUU_stp.prt
! SUMMARY-   
! SUMMARY-  Summary of Unigraphics Part Entities
! SUMMARY-   
! SUMMARY-  Entities Processed             Count
! SUMMARY-  ------------------             -----
! SUMMARY-  Solid .......................:     1
! SUMMARY-                                 -----
! SUMMARY-  Total                              1
! INFO-      
! INFO-     Total number of solids input for this translation       :         1
! INFO-      
! INFO-     Number of solids created without body validation faults :         1
! INFO-      
! INFO-     Number of solids created with body validation fault(s)  :         0
! INFO-      
! INFO-     Number of solids ending up as sheet bodies              :         0
! INFO-      
! INFO-     End of Translation: 9-APR-2023  3:46:10 PM
! INFO-      
