STEP to UG
! INFO-     NX STEP AP214 - V2206.8501
! INFO-      
! INFO-     Start of Translation: 9-APR-2023  3:57:53 PM
! INFO-      
! STATUS-   Converting Part: C:\Work\mamcw.prj\Model\Iter3\bearings\KFL08\KFL08-KFL08-Part.step
! SUMMARY-   
! SUMMARY-    STEP Header Information
! SUMMARY-   
! SUMMARY-  Description      FreeCAD Model
! SUMMARY-  Imp_Level        2;1
! SUMMARY-  File_Name        Open CASCADE Shape Model
! SUMMARY-  Date             2022-11-03T22:08:22
! SUMMARY-  Author           Author
! SUMMARY-  Organization     Unknown
! SUMMARY-  Pre_Version      Open CASCADE STEP processor 7.5
! SUMMARY-  Orig_System      FreeCAD
! SUMMARY-  Authorization    Unknown
! SUMMARY-  Schema_ID        automotive_design
! SUMMARY-   
! SUMMARY-    Summary of STEP Entities
! SUMMARY-   
! SUMMARY-  Entity Type                                                   Count
! SUMMARY-  -----------                                                   ------
! SUMMARY-  advanced_brep_shape_representation .........................:      3
! SUMMARY-  advanced_face ..............................................:     53
! SUMMARY-  application_context ........................................:      1
! SUMMARY-  axis1_placement ............................................:      1
! SUMMARY-  axis2_placement_2d .........................................:     25
! SUMMARY-  axis2_placement_3d .........................................:    104
! SUMMARY-  b_spline_curve_with_knots ..................................:     29
! SUMMARY-  b_spline_curve_with_knots_and_rational_b_spline_curve ......:     18
! SUMMARY-  b_spline_surface_with_knots ................................:      1
! SUMMARY-  cartesian_point ............................................:   1614
! SUMMARY-  circle .....................................................:     73
! SUMMARY-  closed_shell ...............................................:      3
! SUMMARY-  conical_surface ............................................:      1
! SUMMARY-  context_dependent_shape_representation .....................:      4
! SUMMARY-  cylindrical_surface ........................................:     19
! SUMMARY-  definitional_representation ................................:    244
! SUMMARY-  direction ..................................................:    481
! SUMMARY-  edge_curve .................................................:    122
! SUMMARY-  edge_loop ..................................................:     70
! SUMMARY-  face_bound .................................................:     70
! SUMMARY-  geometric_representation_context_and_global_uncertainty_a ..:      4
! SUMMARY-  item_defined_transformation ................................:      4
! SUMMARY-  length_unit_and_si_unit ....................................:      4
! SUMMARY-  line .......................................................:    247
! SUMMARY-  manifold_solid_brep ........................................:      3
! SUMMARY-  next_assembly_usage_occurrence .............................:      4
! SUMMARY-  oriented_edge ..............................................:    244
! SUMMARY-  pcurve .....................................................:    244
! SUMMARY-  plane ......................................................:     29
! SUMMARY-  plane_angle_unit_and_si_unit ...............................:      4
! SUMMARY-  product ....................................................:      4
! SUMMARY-  product_context ............................................:      4
! SUMMARY-  product_definition .........................................:      4
! SUMMARY-  product_definition_context .................................:      4
! SUMMARY-  product_definition_formation ...............................:      4
! SUMMARY-  product_definition_shape ...................................:      8
! SUMMARY-  product_related_product_category ...........................:      4
! SUMMARY-  representation_relationship_with_transformation_and_shape ..:      4
! SUMMARY-  seam_curve .................................................:     18
! SUMMARY-  shape_representation .......................................:      1
! SUMMARY-  si_unit_and_solid_angle_unit ...............................:      4
! SUMMARY-  spherical_surface ..........................................:      2
! SUMMARY-  surface_curve ..............................................:    104
! SUMMARY-  surface_of_revolution ......................................:      1
! SUMMARY-  uncertainty_measure_with_unit ..............................:      4
! SUMMARY-  vector .....................................................:    247
! SUMMARY-  vertex_point ...............................................:     80
! SUMMARY-                                                               -------
! SUMMARY-  Total                                                           4220
! STATUS-    
! STATUS-   Converting to Output Form (Phase 2 of 3): 9-APR-2023 3:57:53 PM
! STATUS-    
! STATUS-    
! STATUS-   Generating UG geometry and placing them in parts
! STATUS-    
! STATUS-   Creating the UG part (Phase 3 of 3): 9-APR-2023  3:57:53 PM
! INFO-     Filing Part ..: C:\Work\mamcw.prj\Model\Iter3\bearings\KFL08\DIN_916-M3x3
! SUMMARY-   
! SUMMARY-  Summary of Unigraphics Part Entities
! SUMMARY-   
! SUMMARY-  Entities Processed             Count
! SUMMARY-  ------------------             -----
! SUMMARY-  Solid .......................:     1
! SUMMARY-                                 -----
! SUMMARY-  Total                              1
! STATUS-   Creating the UG part (Phase 3 of 3): 9-APR-2023  3:57:53 PM
! INFO-     Filing Part ..: C:\Work\mamcw.prj\Model\Iter3\bearings\KFL08\KFL08Bearing
! SUMMARY-   
! SUMMARY-  Summary of Unigraphics Part Entities
! SUMMARY-   
! SUMMARY-  Entities Processed             Count
! SUMMARY-  ------------------             -----
! SUMMARY-  Solid .......................:     1
! SUMMARY-                                 -----
! SUMMARY-  Total                              1
! STATUS-   Creating the UG part (Phase 3 of 3): 9-APR-2023  3:57:54 PM
! INFO-     Filing Part ..: C:\Work\mamcw.prj\Model\Iter3\bearings\KFL08\KFL08Housing
! SUMMARY-   
! SUMMARY-  Summary of Unigraphics Part Entities
! SUMMARY-   
! SUMMARY-  Entities Processed             Count
! SUMMARY-  ------------------             -----
! SUMMARY-  Solid .......................:     1
! SUMMARY-                                 -----
! SUMMARY-  Total                              1
! STATUS-   Creating the UG part (Phase 3 of 3): 9-APR-2023  3:57:54 PM
! INFO-     Filing Part ..: C:\Work\mamcw.prj\Model\Iter3\bearings\KFL08\KFL08-KFL08-Part_step.prt
! SUMMARY-   
! SUMMARY-  Summary of Unigraphics Part Entities
! SUMMARY-   
! SUMMARY-  Entities Processed             Count
! SUMMARY-  ------------------             -----
! SUMMARY-  Component ...................:     4
! SUMMARY-                                 -----
! SUMMARY-  Total                              4
! INFO-      
! INFO-     Total number of solids input for this translation       :         3
! INFO-      
! INFO-     Number of solids created without body validation faults :         3
! INFO-      
! INFO-     Number of solids created with body validation fault(s)  :         0
! INFO-      
! INFO-     Number of solids ending up as sheet bodies              :         0
! INFO-      
! INFO-     End of Translation: 9-APR-2023  3:57:54 PM
! INFO-      
