1
 
 
 
 
                                                             
                        Copyright 2022 Siemens               
                         All Rights Reserved.                
                                                             
               This software and related documentation are   
                    proprietary to Siemens Industry          
                             Software Inc.                   
                                                             
              Siemens and the Siemens logo are registered    
             trademarks of Siemens Trademark GmbH & Co. KG.  
            Simcenter is a trademark, or registered trademark
                of Siemens Industry Software Inc. or its     
             subsidiaries in the United States and in other  
             countries.  Simcenter NASTRAN is a registered   
               trademark of Siemens Industry Software Inc.   
            All other trademarks, registered trademarks or   
               service marks belong to their respective      
                        holders.                             
                                                             
           LIMITATIONS TO U.S. GOVERNMENT RIGHTS. UNPUBLISHED
           - RIGHTS RESERVED UNDER THE COPYRIGHT LAWS OF THE 
            UNITED STATES. This computer software and related
               computer software documentation have been     
            developed exclusively at private expense and are 
           provided subject to the following rights:  If this
               computer software and computer  software      
            documentation qualify as "commercial items" (as  
             that term is defined in FAR 2.101), their use,  
            duplication or disclosure by the U.S. Government 
           is subject to the protections and restrictions as 
            set forth in the Siemens commercial license for  
            software and/or documentation, as prescribed in  
           FAR 12.212 and FAR 27.405(b)(2)(i) (for civilian  
             agencies) and in DFARS 227.7202-1(a) and DFARS  
           227.7202-3(a) (for the Department of Defense), or 
           any successor or similar regulation, as applicable
           or as amended from time to time.  If this computer
           software and computer documentation do not qualify
            as "commercial items", then they are "restricted 
           computer software" and are provided with "restric-
            tive rights", and their use, duplication or dis- 
            closure by the U.S. Government is subject to the 
            protections and restrictions as set forth in FAR 
           27.404(b) and FAR 52-227-14 (for civilian agencies
           ), and DFARS 227.7203-5(c) and DFARS 252.227-7014 
           (for the Department of Defense), or any successor 
           or similar regulation, as applicable or as amended
           from time to time. Siemens Industry Software Inc. 
           5800 Granite Parkway, Suite 600, Plano, TX 75024  
 

                * * * * * * * * * * * * * * * * * * * *
                * * * * * * * * * * * * * * * * * * * *
                * *                                 * *
                * *                                 * *
                * *                                 * *
                * *                                 * *
                * *   Simcenter Nastran 2206.5000   * *
                * *                                 * *
                * *       VERSION - 2206.5026       * *
                * *                                 * *
                * *          AUG  4, 2022           * *
                * *                                 * *
                * *                                 * *
                * *Intel64 Family 6 Model 142 Stepp * *
                * *                                 * *
                * *MODEL Intel(R) Core(TM) i7-8550U * *
                * *                                 * *
                * *           Windows 10            * *
                * *                                 * *
                * *       Compiled for X86-64       * *
                * *                                 * *
                * * * * * * * * * * * * * * * * * * * *
                * * * * * * * * * * * * * * * * * * * *
1 
  
                      Welcome to Simcenter Nastran
                      ----------------------------
  
  
 This "news" information can be turned off by setting "news=no" in the runtime
 configuration (RC) file.  The "news" keyword can be set in the system RC file
 for global, or multi-user control, and in a local file for local control.
 Individual jobs can be controlled by setting news to yes or no on the command
 line.
1                                                                               MAY  15, 2023  SIMCENTER NASTRAN  8/ 4/22   PAGE     1
                                                                                                                                    
0        N A S T R A N    F I L E    A N D    S Y S T E M    P A R A M E T E R    E C H O                                           
0                                                                                                                                   
                                                                                                                                    
                                                                                                                                    
     NASTRAN BUFFSIZE=32769 $(D:/TOOLS/SIEMENSNX/NXNASTRAN/CONF/NASTRAN.RCF[1])      
     NASTRAN BUFFPOOL=5854                                                           
     NASTRAN DIAGA=128 DIAGB=0 $(D:/TOOLS/SIEMENSNX/NXNASTRAN/CONF/NASTRAN.RCF[8])   
     NASTRAN SYSTEM(442)=2 $(COMMAND LINE[5])                                        
     NASTRAN REAL=2130706432 $(MEMORY LIMIT FOR MPI AND OTHER SPECIALIZED MODULES)   
     $*$$$$$$$$$$$$$$$$$$$$$$$$$$$$$$$$$$$$$$$$$$$$$$$$$$$$$$$$$$$$$$$$$             
     $*                                                                              
     $*                    SIMCENTER V2206.0.0.8101 TRANSLATOR                       
     $*                    FOR SIMCENTER NASTRAN VERSION 2206.0                      
     $*                                                                              
     $*             FEM FILE: D:\MAINFOLDER\PROGRAMS\MECHANICS & MACHINES\IGORMAMFILE
     $*             SIM FILE: D:\MAINFOLDER\PROGRAMS\MECHANICS & MACHINES\IGORMAMFILE
     $*        ANALYSIS TYPE: STRUCTURAL                                             
     $*        SOLUTION NAME: SOLUTION 1                                             
     $*        SOLUTION TYPE: SOL 101 LINEAR STATICS                                 
     $*                                                                              
     $*    SOLVER INPUT FILE: MECH_ASSEMBLY_SIM3-SOLUTION_1.DAT                      
     $*        CREATION DATE: 15-MAY-2023                                            
     $*        CREATION TIME: 23:12:22                                               
     $*             HOSTNAME: DESKTOP-0UUJCF0                                        
     $*      NASTRAN LICENSE: DESKTOP BUNDLE                                         
     $*                                                                              
     $*                UNITS: MM (MILLI-NEWTON)                                      
     $*                      ... LENGTH : MM                                         
     $*                      ... TIME   : SEC                                        
     $*                      ... MASS   : KILOGRAM (KG)                              
     $*                      ... TEMPERATURE : DEG CELSIUS                           
     $*                      ... FORCE  : MILLI-NEWTON                               
     $*                      ... THERMAL ENERGY : MN-MM (MICRO-JOULE)                
     $*                                                                              
     $* IMPORTANT NOTE:                                                              
     $*     THIS BANNER WAS GENERATED BY SIMCENTER AND ALTERING THIS                 
     $*     INFORMATION MAY COMPROMISE THE PRE AND POST PROCESSING OF RESULTS        
     $*                                                                              
     $*$$$$$$$$$$$$$$$$$$$$$$$$$$$$$$$$$$$$$$$$$$$$$$$$$$$$$$$$$$$$$$$$$             
     $*                                                                              
     $*$$$$$$$$$$$$$$$$$$$$$$$$$$$$$$$$$$$                                           
     $*                                                                              
     $* FILE MANAGEMENT                                                              
     $*                                                                              
     $*$$$$$$$$$$$$$$$$$$$$$$$$$$$$$$$$$$$                                           
     $*                                                                              
     $*                                                                              
     $*$$$$$$$$$$$$$$$$$$$$$$$$$$$$$$$$$$$                                           
     $*                                                                              
     $* EXECUTIVE CONTROL                                                            
     $*                                                                              
     $*$$$$$$$$$$$$$$$$$$$$$$$$$$$$$$$$$$$                                           
     $*                                                                              
1                                                                               MAY  15, 2023  SIMCENTER NASTRAN  8/ 4/22   PAGE     2
                                                                                                                                    
0        N A S T R A N    E X E C U T I V E    C O N T R O L    E C H O                                                             
0                                                                                                                                   
                                                                                                                                    
                                                                                                                                    
     ID,NASTRAN,MECH_ASSEMBLY_SIM3-SOLUTION_1                                                
     SOL 101                                                                                 
     CEND                                                                                    
1                                                                               MAY  15, 2023  SIMCENTER NASTRAN  8/ 4/22   PAGE     3
                                                                                                                                    
0                                                                                                                                   
0                                        C A S E    C O N T R O L    E C H O                                                        
                 COMMAND                                                                                                            
                 COUNT                                                                                                              
                  1      $*                                                                                      
                  2      $*$$$$$$$$$$$$$$$$$$$$$$$$$$$$$$$$$$$                                                   
                  3      $*                                                                                      
                  4      $* CASE CONTROL                                                                         
                  5      $*                                                                                      
                  6      $*$$$$$$$$$$$$$$$$$$$$$$$$$$$$$$$$$$$                                                   
                  7      $*                                                                                      
                  8      ECHO = NONE                                                                             
                  9      OUTPUT                                                                                  
                 10      DISPLACEMENT(PLOT,REAL) = ALL                                                           
                 11      SPCFORCES(PLOT,REAL) = ALL                                                              
                 12      STRESS(PLOT,REAL,VONMISES,CENTER) = ALL                                                 
                 13      PARAM,BAILOUT,-1                                                                        
                 14      $*  STEP: SUBCASE - STATICS 1                                                           
                 15      SUBCASE 1                                                                               
                 16        LABEL = SUBCASE - STATICS 1                                                           
                 17        LOAD = 1                                                                              
                 18        SPC = 2                                                                               
                 19      $*                                                                                      
                 20      $*$$$$$$$$$$$$$$$$$$$$$$$$$$$$$$$$$$$                                                   
                 21      $*                                                                                      
                 22      $* BULK DATA                                                                            
                 23      $*                                                                                      
                 24      $*$$$$$$$$$$$$$$$$$$$$$$$$$$$$$$$$$$$                                                   
                 25      $*                                                                                      
                 26      BEGIN BULK                                                                              
0                             INPUT BULK DATA ENTRY COUNT =      117860
0                       TOTAL COUNT=    117781


                                        M O D E L   S U M M A R Y

                                   NUMBER OF GRID     POINTS   =    38987
 
 
                                   NUMBER OF CTETRA   ELEMENTS =    19242
 
                                   NUMBER OF RBE2     ELEMENTS =       26
 *** USER INFORMATION MESSAGE 4109 (OUTPBN2)
     THE LABEL IS NX2206.5 FOR FORTRAN UNIT 12
     (MAXIMUM SIZE OF FORTRAN RECORDS WRITTEN =        7 WORDS.)
     (NUMBER OF FORTRAN RECORDS WRITTEN =        8 RECORDS.)
     (TOTAL DATA WRITTEN FOR TAPE LABEL =       17 WORDS.)
1                                                                               MAY  15, 2023  SIMCENTER NASTRAN  8/ 4/22   PAGE     4
                                                                                                                                    
0                                                                                                                                   
0                                                                                                                                   
                                                                                                                                    
                                                                                                                                    
 *** USER INFORMATION MESSAGE 4114 (OUTPBN2)
     DATA BLOCK IBULK    WRITTEN ON FORTRAN UNIT  12, TRL =
                    101                 1                 0                 0                 0                 0                 0
     (MAXIMUM POSSIBLE FORTRAN RECORD SIZE =    65538 WORDS.)
     (MAXIMUM SIZE OF FORTRAN RECORDS WRITTEN =       20 WORDS.)
     (NUMBER OF FORTRAN RECORDS WRITTEN =   589309 RECORDS.)
     (TOTAL DATA WRITTEN FOR DATA BLOCK =  2828639 WORDS.)
 *** USER INFORMATION MESSAGE 4114 (OUTPBN2)
     DATA BLOCK ICASE    WRITTEN ON FORTRAN UNIT  12, TRL =
                    102                28                 0                 0                 0                 0                 0
     (MAXIMUM POSSIBLE FORTRAN RECORD SIZE =    65538 WORDS.)
     (MAXIMUM SIZE OF FORTRAN RECORDS WRITTEN =       20 WORDS.)
     (NUMBER OF FORTRAN RECORDS WRITTEN =      154 RECORDS.)
     (TOTAL DATA WRITTEN FOR DATA BLOCK =      698 WORDS.)
 *** USER INFORMATION MESSAGE 4114 (OUTPBN2)
     DATA BLOCK CASECC   WRITTEN ON FORTRAN UNIT  12, TRL =
                    103                 1                 0              1210                 0                 0                 0
     (MAXIMUM POSSIBLE FORTRAN RECORD SIZE =    65538 WORDS.)
     (MAXIMUM SIZE OF FORTRAN RECORDS WRITTEN =     1210 WORDS.)
     (NUMBER OF FORTRAN RECORDS WRITTEN =       19 RECORDS.)
     (TOTAL DATA WRITTEN FOR DATA BLOCK =     1236 WORDS.)
 *** USER INFORMATION MESSAGE 4114 (OUTPBN2)
     DATA BLOCK PVT0     WRITTEN ON FORTRAN UNIT  12, TRL =
                    101                28                 0                 0                 0                 0                 0
     (MAXIMUM POSSIBLE FORTRAN RECORD SIZE =    65538 WORDS.)
     (MAXIMUM SIZE OF FORTRAN RECORDS WRITTEN =       28 WORDS.)
     (NUMBER OF FORTRAN RECORDS WRITTEN =       19 RECORDS.)
     (TOTAL DATA WRITTEN FOR DATA BLOCK =       54 WORDS.)
 *** USER INFORMATION MESSAGE 4114 (OUTPBN2)
     DATA BLOCK GPL      WRITTEN ON FORTRAN UNIT  12, TRL =
                    101             38987             38987                 0                 0                 0                 0
     (MAXIMUM POSSIBLE FORTRAN RECORD SIZE =    65538 WORDS.)
     (MAXIMUM SIZE OF FORTRAN RECORDS WRITTEN =    65538 WORDS.)
     (NUMBER OF FORTRAN RECORDS WRITTEN =       26 RECORDS.)
     (TOTAL DATA WRITTEN FOR DATA BLOCK =   116992 WORDS.)
 *** USER INFORMATION MESSAGE 4114 (OUTPBN2)
     DATA BLOCK GPDT     WRITTEN ON FORTRAN UNIT  12, TRL =
                    102             38987                 7                 0                 1                 0                 0
     (MAXIMUM POSSIBLE FORTRAN RECORD SIZE =    65538 WORDS.)
     (MAXIMUM SIZE OF FORTRAN RECORDS WRITTEN =    65538 WORDS.)
     (NUMBER OF FORTRAN RECORDS WRITTEN =       29 RECORDS.)
     (TOTAL DATA WRITTEN FOR DATA BLOCK =   389896 WORDS.)
 *** USER INFORMATION MESSAGE 4114 (OUTPBN2)
     DATA BLOCK EPT      WRITTEN ON FORTRAN UNIT  12, TRL =
                    101                 0               256                 0                 0                 0                 0
     (MAXIMUM POSSIBLE FORTRAN RECORD SIZE =    65538 WORDS.)
     (MAXIMUM SIZE OF FORTRAN RECORDS WRITTEN =       24 WORDS.)
     (NUMBER OF FORTRAN RECORDS WRITTEN =       24 RECORDS.)
     (TOTAL DATA WRITTEN FOR DATA BLOCK =       57 WORDS.)
1                                                                               MAY  15, 2023  SIMCENTER NASTRAN  8/ 4/22   PAGE     5
                                                                                                                                    
0                                                                                                                                   
0                                                                                                                                   
                                                                                                                                    
                                                                                                                                    
 *** USER INFORMATION MESSAGE 4114 (OUTPBN2)
     DATA BLOCK MPT      WRITTEN ON FORTRAN UNIT  12, TRL =
                    101             33280                 0                 0                 0                 0                 0
     (MAXIMUM POSSIBLE FORTRAN RECORD SIZE =    65538 WORDS.)
     (MAXIMUM SIZE OF FORTRAN RECORDS WRITTEN =       27 WORDS.)
     (NUMBER OF FORTRAN RECORDS WRITTEN =       29 RECORDS.)
     (TOTAL DATA WRITTEN FOR DATA BLOCK =       79 WORDS.)
 *** USER INFORMATION MESSAGE 4114 (OUTPBN2)
     DATA BLOCK GEOM2    WRITTEN ON FORTRAN UNIT  12, TRL =
                    101                 0                 0                 0               512                 0                 0
     (MAXIMUM POSSIBLE FORTRAN RECORD SIZE =    65538 WORDS.)
     (MAXIMUM SIZE OF FORTRAN RECORDS WRITTEN =    65538 WORDS.)
     (NUMBER OF FORTRAN RECORDS WRITTEN =       30 RECORDS.)
     (TOTAL DATA WRITTEN FOR DATA BLOCK =   230940 WORDS.)
 *** USER INFORMATION MESSAGE 4114 (OUTPBN2)
     DATA BLOCK GEOM3    WRITTEN ON FORTRAN UNIT  12, TRL =
                    102                 0                 0                64                 0                 0                 0
     (MAXIMUM POSSIBLE FORTRAN RECORD SIZE =    65538 WORDS.)
     (MAXIMUM SIZE OF FORTRAN RECORDS WRITTEN =     1613 WORDS.)
     (NUMBER OF FORTRAN RECORDS WRITTEN =       24 RECORDS.)
     (TOTAL DATA WRITTEN FOR DATA BLOCK =     1646 WORDS.)
 *** USER INFORMATION MESSAGE 4114 (OUTPBN2)
     DATA BLOCK GEOM4    WRITTEN ON FORTRAN UNIT  12, TRL =
                    103                 0                 0                 0               512              2048                 0
     (MAXIMUM POSSIBLE FORTRAN RECORD SIZE =    65538 WORDS.)
     (MAXIMUM SIZE OF FORTRAN RECORDS WRITTEN =     4147 WORDS.)
     (NUMBER OF FORTRAN RECORDS WRITTEN =       29 RECORDS.)
     (TOTAL DATA WRITTEN FOR DATA BLOCK =     4343 WORDS.)
 *** USER INFORMATION MESSAGE 4114 (OUTPBN2)
     DATA BLOCK GEOM1    WRITTEN ON FORTRAN UNIT  12, TRL =
                    104                 0                 0                 8                 0                 0                 0
     (MAXIMUM POSSIBLE FORTRAN RECORD SIZE =    65538 WORDS.)
     (MAXIMUM SIZE OF FORTRAN RECORDS WRITTEN =    65538 WORDS.)
     (NUMBER OF FORTRAN RECORDS WRITTEN =       36 RECORDS.)
     (TOTAL DATA WRITTEN FOR DATA BLOCK =   428893 WORDS.)
 *** USER INFORMATION MESSAGE 4114 (OUTPBN2)
     DATA BLOCK BGPDT    WRITTEN ON FORTRAN UNIT  12, TRL =
                    105             38987                 0            233922                 1                 0             39545
     (MAXIMUM POSSIBLE FORTRAN RECORD SIZE =    65538 WORDS.)
     (MAXIMUM SIZE OF FORTRAN RECORDS WRITTEN =    65538 WORDS.)
     (NUMBER OF FORTRAN RECORDS WRITTEN =       40 RECORDS.)
     (TOTAL DATA WRITTEN FOR DATA BLOCK =   545848 WORDS.)
 *** USER INFORMATION MESSAGE 4114 (OUTPBN2)
     DATA BLOCK DIT      WRITTEN ON FORTRAN UNIT  12, TRL =
                    101             32768                 0                 0                 0                 0                 0
     (MAXIMUM POSSIBLE FORTRAN RECORD SIZE =    65538 WORDS.)
     (MAXIMUM SIZE OF FORTRAN RECORDS WRITTEN =      137 WORDS.)
     (NUMBER OF FORTRAN RECORDS WRITTEN =       24 RECORDS.)
     (TOTAL DATA WRITTEN FOR DATA BLOCK =      170 WORDS.)
1                                                                               MAY  15, 2023  SIMCENTER NASTRAN  8/ 4/22   PAGE     6
                                                                                                                                    
0                                                                                                                                   
0                                                                                                                                   
                                                                                                                                    
                                                                                                                                    
 *** USER INFORMATION MESSAGE 4114 (OUTPBN2)
     DATA BLOCK EQEXIN   WRITTEN ON FORTRAN UNIT  12, TRL =
                    101             38987                 0                 0                 0                 0                 0
     (MAXIMUM POSSIBLE FORTRAN RECORD SIZE =    65538 WORDS.)
     (MAXIMUM SIZE OF FORTRAN RECORDS WRITTEN =    65538 WORDS.)
     (NUMBER OF FORTRAN RECORDS WRITTEN =       28 RECORDS.)
     (TOTAL DATA WRITTEN FOR DATA BLOCK =   155978 WORDS.)
 *** USER INFORMATION MESSAGE 7555 (ETETGS)
     FINITE ELEMENT GEOMETRY CHECK RESULTS EXCEED TOLERANCE LEVELS FOR THE FOLLOWING ELEMENTS.
     USER ACTION: USE THE GEOMCHECK (EXECUTIVE CONTROL STATEMENT) KEYWORD=VALUE TO CHANGE TOLERANCE VALUES IF DESIRED.
     ALL EDGE LENGTH TO HEIGHT  RATIO (AR)TOLERANCE LIMIT VIOLATIONS WILL BE IDENTIFIED AND INDICATED BY FAIL.
     A MINIMUM OF        100 EDGE NODE POINT LENGTH RATIO (ER)TOLERANCE LIMIT VIOLATIONS WILL BE IDENTIFIED AND INDICATED BY xxxx.
     A MINIMUM OF        100 EDGE NODE POINT INCLUDED ANGLE   TOLERANCE LIMIT VIOLATIONS WILL BE IDENTIFIED AND INDICATED BY xxxx.
     ALL NEG/ZERO DET(JACOBIAN) VALUE (DJ)TOLERANCE LIMIT VIOLATIONS WILL BE IDENTIFIED AND INDICATED BY FAIL.
     A MINIMUM OF        100 NEG DET(JAC) AT VERTEX NODE  (DG)TOLERANCE LIMIT VIOLATIONS WILL BE IDENTIFIED AND INDICATED BY xxxx.
1                                                                               MAY  15, 2023  SIMCENTER NASTRAN  8/ 4/22   PAGE     7
                                                                                                                                    
0                                                                                                                                   
     TOLERANCE LIMITS ARE:  TET_AR =   100.00, TET_EPLR =   0.50, TET_EPIA =  30.00, TET_DETJ =   0.00, TET_DETG =   0.00
                            (xxxx = LIMIT VIOLATED)
                         LONGEST    SHORTEST          ASPECT      EDGE POINT      EDGE POINT   MIN. JACOBIAN   MIN. DET(JAC)
 ELEMENT TYPE    ID         EDGE      HEIGHT           RATIO    LENGTH RATIO  INCLUDED ANGLE     DETERMINANT       AT VERTEX
    TETRA          16      11.21        4.21       2.66            0.94           30.01 xxxx     261.01          251.10     
    TETRA          17       9.80        4.24       2.31            0.92           30.01 xxxx     209.30          187.94     
    TETRA          25       9.80        4.24       2.31            0.92           30.00 xxxx     219.05          196.12     
    TETRA          95      11.21        3.91       2.87            0.89           30.00 xxxx     247.95          243.74     
    TETRA         177       9.80        4.24       2.31            0.97           30.01 xxxx     217.44          196.76     
    TETRA         212      11.21        4.24       2.64            0.95           30.00 xxxx     441.53          396.64     
    TETRA         303      11.21        4.22       2.66            0.95           30.01 xxxx     246.03          242.15     
    TETRA         384      11.21        3.91       2.87            0.89           30.00 xxxx     247.11          243.92     
    TETRA         386      11.21        4.25       2.64            0.92           30.00 xxxx     245.66          242.14     
    TETRA         408      11.21        3.77       2.97            0.92           30.01 xxxx     214.30          209.67     
    TETRA         414      10.30        2.79       3.69            0.94           30.01 xxxx     197.34          181.03     
    TETRA         472      10.30        1.95       5.30            0.96           30.01 xxxx      92.49           84.91     
    TETRA         510       9.80        4.24       2.31            0.92           30.01 xxxx     220.98          197.68     
    TETRA         535      11.21        3.91       2.87            0.89           30.00 xxxx     242.53          237.84     
    TETRA         616      11.21        3.91       2.87            0.89           30.00 xxxx     246.00          243.22     
    TETRA        3863      14.73        5.00       2.95            0.79           37.66 xxxx     756.00          619.53     
    TETRA        3872       9.17        2.66       3.44            0.72           43.63 xxxx     126.03           58.49     
    TETRA        3885      11.19        1.40       8.01            1.00           32.20 xxxx      52.39           38.81     
    TETRA        3890       8.32        1.23       6.77            0.96           32.20 xxxx      17.37           17.42     
    TETRA        3893       6.05        1.25       4.84            1.00           31.72 xxxx      10.98           10.47     
    TETRA        3916       9.10        2.63       3.45            0.72           43.63 xxxx     125.24           58.26     
    TETRA        3918      11.19        1.94       5.78            1.00           32.15 xxxx      94.01           87.05     
    TETRA        3930       9.42        3.05       3.09            0.79           37.79 xxxx      69.50           40.37     
    TETRA        3933       9.60        3.13       3.07            0.75           41.04 xxxx      84.70           49.06     
    TETRA        3971       8.33        4.25       1.96            0.75           34.61 xxxx      97.44           60.70     
    TETRA        3972       8.40        1.12       7.51            0.92           32.24 xxxx      19.25           17.89     
    TETRA        3985      13.14        4.91       2.68            0.82           34.61 xxxx     328.60          287.72     
    TETRA        3986      13.42        3.11       4.31            0.78           38.18 xxxx     248.55          121.90     
    TETRA        3989      10.82        3.85       2.81            0.78           38.18 xxxx     105.37           63.43     
    TETRA        3990      12.57        3.18       3.96            0.78           38.18 xxxx     111.28           65.27     
    TETRA        4014      11.10        3.40       3.27            0.79           37.66 xxxx      96.15           56.57     
    TETRA        4017       5.48        1.26       4.34            0.90           30.01 xxxx       8.95            9.23     
    TETRA        4020      10.41        3.50       2.97            0.85           31.14 xxxx     270.84          268.20     
    TETRA        4021       8.06        3.49       2.31            0.72           43.63 xxxx      88.05           54.01     
    TETRA        4023       9.17        2.23       4.11            0.72           43.63 xxxx      34.94           19.84     
    TETRA        4070      12.15        2.69       4.51            0.78           38.05 xxxx     109.35           69.11     
    TETRA        4092       8.59        4.55       1.89            0.78           38.05 xxxx     105.27           66.22     
    TETRA        4093      14.76        2.84       5.19            0.79           37.79 xxxx     239.12          114.20     
    TETRA        4116       8.31        1.24       6.67            1.00           32.41 xxxx      19.74           18.80     
    TETRA        4155       8.90        1.08       8.26            0.93           30.71 xxxx      23.88           22.56     
    TETRA        4178       8.57        1.00       8.58            1.00           30.09 xxxx      18.03           17.26     
    TETRA        4196       8.78        1.05       8.37            0.91           30.09 xxxx      23.66           21.79     
1                                                                               MAY  15, 2023  SIMCENTER NASTRAN  8/ 4/22   PAGE     8
                                                                                                                                    
0                                                                                                                                   
     TOLERANCE LIMITS ARE:  TET_AR =   100.00, TET_EPLR =   0.50, TET_EPIA =  30.00, TET_DETJ =   0.00, TET_DETG =   0.00
                            (xxxx = LIMIT VIOLATED)
                         LONGEST    SHORTEST          ASPECT      EDGE POINT      EDGE POINT   MIN. JACOBIAN   MIN. DET(JAC)
 ELEMENT TYPE    ID         EDGE      HEIGHT           RATIO    LENGTH RATIO  INCLUDED ANGLE     DETERMINANT       AT VERTEX
    TETRA        4223      11.56        1.08      10.73            1.00           30.20 xxxx      52.64           40.39     
    TETRA        4224       8.86        1.91       4.64            0.72           43.63 xxxx      31.37           18.40     
    TETRA        4225       9.78        1.88       5.20            0.85           31.14 xxxx      47.12           27.70     
    TETRA        4226       8.90        1.02       8.69            0.99           30.71 xxxx      15.99           14.76     
    TETRA        4227       8.37        1.13       7.42            1.00           32.24 xxxx      19.87           18.93     
    TETRA        4234       8.19        1.17       7.02            1.00           32.15 xxxx      19.82           18.88     
    TETRA        4276      11.83        3.31       3.58            0.75           41.04 xxxx     110.20           64.93     
    TETRA        4296       6.58        1.20       5.50            0.94           31.72 xxxx      17.59           16.53     
    TETRA        4308      13.14        5.00       2.63            0.82           31.14 xxxx     502.75          425.40     
    TETRA        4313       6.99        1.57       4.44            0.92           32.32 xxxx      27.89           27.75     
    TETRA        4348       8.21        1.29       6.35            1.00           31.87 xxxx      19.80           18.87     
    TETRA        4350       7.10        1.52       4.67            0.92           31.87 xxxx      31.03           28.67     
    TETRA        4356       6.17        1.18       5.24            0.86           32.25 xxxx      15.82           14.18     
    TETRA        4361      13.42        3.20       4.19            0.78           38.18 xxxx     261.66          129.66     
    TETRA        4365       8.19        1.23       6.67            1.00           32.20 xxxx      19.84           18.91     
    TETRA        4377       8.06        3.54       2.28            0.72           31.14 xxxx      85.16           51.99     
    TETRA        4418       9.09        2.49       3.64            0.78           38.05 xxxx      60.10           33.30     
    TETRA        4426      10.41        3.81       2.73            0.75           41.04 xxxx      90.90           54.80     
    TETRA        4435      11.90        2.86       4.17            0.79           37.66 xxxx      76.20           44.29     
    TETRA        4476      10.50        3.23       3.25            0.78           38.18 xxxx      97.91           57.08     
    TETRA        4480       7.94        1.52       5.22            0.94           32.18 xxxx      33.42           29.05     
    TETRA        4481      12.24        2.57       4.77            0.79           37.79 xxxx      91.67           56.65     
    TETRA        4486       8.44        2.65       3.19            0.72           43.63 xxxx      42.00           24.09     
    TETRA        4487       6.93        1.54       4.51            1.00           32.25 xxxx      19.85           18.91     
    TETRA        4489      10.28        1.44       7.16            1.00           30.31 xxxx      95.23           92.81     
    TETRA        4491      12.15        2.27       5.37            0.78           38.05 xxxx      77.27           46.45     
    TETRA        4505       6.37        1.08       5.91            1.00           31.71 xxxx      10.94           10.43     
    TETRA        4546       9.12        2.40       3.80            0.79           37.79 xxxx      61.14           35.05     
    TETRA        4547       7.95        4.27       1.86            0.78           37.79 xxxx      91.02           56.16     
    TETRA        4550      10.51        2.59       4.06            0.79           37.79 xxxx      48.35           27.54     
    TETRA        4554       8.13        1.22       6.66            1.00           30.31 xxxx      17.97           17.20     
    TETRA        4607       8.67        4.68       1.85            0.78           37.66 xxxx     107.07           67.50     
    TETRA        4611      14.71        2.54       5.79            0.79           37.66 xxxx     203.98           93.20     
    TETRA        4613       7.24        0.98       7.37            0.88           31.71 xxxx      11.45           11.18     
    TETRA        4614       9.16        1.13       8.12            1.00           30.20 xxxx      17.91           17.15     
    TETRA        4615       9.10        2.33       3.90            0.72           43.63 xxxx      35.90           20.36     
    TETRA        4618       8.53        2.77       3.08            0.72           43.63 xxxx      44.61           25.66     
    TETRA        4636      11.17        2.88       3.88            0.79           37.79 xxxx      56.21           32.10     
    TETRA        4641       5.37        1.07       5.03            0.86           31.64 xxxx       8.72            8.54     
    TETRA        4650       8.48        4.50       1.89            0.75           41.04 xxxx      97.71           60.89     
    TETRA        4710       5.56        1.17       4.76            1.00           30.01 xxxx      10.16            9.73     
    TETRA        4720       6.36        1.08       5.91            1.00           30.04 xxxx      10.17            9.74     
1                                                                               MAY  15, 2023  SIMCENTER NASTRAN  8/ 4/22   PAGE     9
                                                                                                                                    
0                                                                                                                                   
     TOLERANCE LIMITS ARE:  TET_AR =   100.00, TET_EPLR =   0.50, TET_EPIA =  30.00, TET_DETJ =   0.00, TET_DETG =   0.00
                            (xxxx = LIMIT VIOLATED)
                         LONGEST    SHORTEST          ASPECT      EDGE POINT      EDGE POINT   MIN. JACOBIAN   MIN. DET(JAC)
 ELEMENT TYPE    ID         EDGE      HEIGHT           RATIO    LENGTH RATIO  INCLUDED ANGLE     DETERMINANT       AT VERTEX
    TETRA        4725       5.58        1.25       4.47            1.00           31.64 xxxx      10.94           10.44     
    TETRA        4727       8.31        1.17       7.13            1.00           32.18 xxxx      19.83           18.89     
    TETRA        4731       7.61        1.32       5.76            0.94           32.41 xxxx      21.29           20.43     
    TETRA        4747       9.06        1.79       5.05            0.72           43.63 xxxx      30.78           18.07     
    TETRA        4754      11.16        2.69       4.15            0.75           41.04 xxxx     105.84           66.63     
    TETRA        4755       6.99        1.35       5.19            1.00           32.32 xxxx      19.91           18.97     
    TETRA        4759      13.28        3.95       3.37            0.79           37.66 xxxx     246.75          217.11     
    TETRA        4767      10.92        2.97       3.68            0.82           34.61 xxxx     188.35           91.06     
    TETRA        4772       6.37        1.13       5.62            0.91           31.76 xxxx      11.96           12.14     
    TETRA        4781       9.99        2.23       4.49            0.82           34.61 xxxx      52.67           30.23     
    TETRA        4783      11.83        3.13       3.78            0.75           41.04 xxxx     111.84           70.87     
    TETRA        4795       7.53        1.81       4.17            0.94           32.15 xxxx      41.71           38.65     
    TETRA        4810      11.20        3.17       3.53            0.78           38.05 xxxx     104.16           60.51     
    TETRA        4811       8.68        4.27       2.03            0.78           38.18 xxxx     104.89           65.95     
    TETRA        4812       6.14        1.25       4.92            1.00           31.76 xxxx      10.96           10.45     
    TETRA        4815       6.66        0.68       9.76            0.95           30.04 xxxx       4.31            4.19     
1                                                                               MAY  15, 2023  SIMCENTER NASTRAN  8/ 4/22   PAGE    10
                                                                                                                                    
0                                                                                                                                   


                            E L E M E N T   G E O M E T R Y   T E S T   R E S U L T S   S U M M A R Y
                                        TOTAL NUMBER OF TIMES TOLERANCES WERE EXCEEDED
 ELEMENT     SKEW    ASPECT/       MINIMUM       MAXIMUM    SURFACE/FACE  THICKNESS/     EDGE POINT    EDGE POINT       JACOBIAN
 TYPE        ANGLE  TAPER RATIO  INTER. ANGLE  INTER. ANGLE  WARP FACTOR  OFFSET RATIO  LENGTH RATIO  INCLUDED ANGLE  DETERMINANT
 TETRA         N/A          0           N/A           N/A           N/A           N/A             0          1106             0     

         N/A IN THE ABOVE TABLE INDICATES TESTS THAT ARE NOT APPLICABLE TO THE ELEMENT TYPE AND WERE NOT PERFORMED.
         FOR ALL ELEMENTS WHERE GEOMETRY TEST RESULTS HAVE EXCEEDED TOLERANCES,

         TETRA    ELEMENT ID    12812 PRODUCED LARGEST  EDGE POINT IA    OF      82.88 (TOLERANCE =       30.00).
1                                                                               MAY  15, 2023  SIMCENTER NASTRAN  8/ 4/22   PAGE    11
                                                                                                                                    
0                                                                                                                                   
 *** USER INFORMATION MESSAGE 7310 (VECPRN)
     ORIGIN OF SUPERELEMENT BASIC COORDINATE SYSTEM WILL BE USED AS REFERENCE LOCATION.
     RESULTANTS ABOUT ORIGIN OF SUPERELEMENT BASIC COORDINATE SYSTEM IN SUPERELEMENT BASIC SYSTEM COORDINATES.
0                                                  OLOAD    RESULTANT       
  SUBCASE/    LOAD
  DAREA ID    TYPE       T1            T2            T3            R1            R2            R3
0        1     FX   -1.065846E-13     ----          ----          ----      -6.635381E-10 -1.053900E-10                             
               FY       ----      -1.678763E-04     ----       5.005922E+04     ----      -6.386745E-04                             
               FZ       ----          ----       2.535161E-03  5.005934E+04 -6.278092E-02     ----                                  
               MX       ----          ----          ----       0.000000E+00     ----          ----                                  
               MY       ----          ----          ----          ----       0.000000E+00     ----                                  
               MZ       ----          ----          ----          ----          ----       0.000000E+00                             
             TOTALS -1.065846E-13 -1.678763E-04  2.535161E-03  1.001186E+05 -6.278092E-02 -6.386747E-04                             
 ^^^ USER INFORMATION MESSAGE (XMCE1)    
 ^^^ USING ALTERNATE MULTIPOINT CONSTRAINT ELIMINATION   
 *** USER INFORMATION MESSAGE - SINGULARITIES FOUND USING EIGENVALUE METHOD
 ***  113723 SINGULARITIES FOUND    113723 SINGULARITIES ELIMINATED
1                                                                               MAY  15, 2023  SIMCENTER NASTRAN  8/ 4/22   PAGE    12
                                                                                                                                    
0                                                                                                            SUBCASE 1              
 *** SYSTEM INFORMATION MESSAGE 6916 (DFMSYN)
     DECOMP ORDERING METHOD CHOSEN: DEFAULT, ORDERING METHOD USED: BEND
  
 *** USER INFORMATION MESSAGE 4158 (DFMSA)
 ---- STATISTICS FOR SPARSE DECOMPOSITION OF DATA BLOCK KLL      FOLLOW
        NUMBER OF NEGATIVE TERMS ON FACTOR DIAGONAL =     53
        MAXIMUM RATIO OF MATRIX DIAGONAL TO FACTOR DIAGONAL =  1.6E+16 AT ROW NUMBER      36461
 *** USER WARNING MESSAGE 4698 (DCMPD)
     STATISTICS FOR DECOMPOSITION OF MATRIX KLL     .
     THE FOLLOWING DEGREES OF FREEDOM HAVE FACTOR DIAGONAL RATIOS GREATER THAN
      1.00000E+07 OR HAVE NEGATIVE TERMS ON THE FACTOR DIAGONAL.
     USER INFORMATION:
     THIS MESSAGE MAY BE IGNORED IF NO GRID POINT IDS OR HIGH RATIO MESSAGES APPEAR IN THE TABLE ON THE NEXT PAGE.
1                                                                               MAY  15, 2023  SIMCENTER NASTRAN  8/ 4/22   PAGE    13
                                                                                                                                    
0                                                                                                            SUBCASE 1              
0                                                                                                                                   
         GRID POINT ID       DEGREE OF FREEDOM   MATRIX/FACTOR DIAGONAL RATIO        MATRIX DIAGONAL                                
                                                                                                                                    
             383                    T1                  -2.17664E+13                   2.24791E+07
             383                    T2                   3.48451E+14                   5.81017E+07
             383                    T3                   6.16732E+14                   2.91428E+07
             817                    T2                   1.57606E+13                   3.99934E+07
             817                    T3                  -1.71524E+10                   2.77336E+07
            1304                    T3                   3.32845E+11                   5.14991E+07
           13629                    T3                   2.87928E+07                   1.24134E+08
           13774                    T1                  -7.90192E+13                   4.53329E+07
           13774                    T2                   1.59771E+16                   3.76887E+07
           13774                    T3                  -8.87969E+11                   1.08938E+08
           14051                    T2                  -4.70569E+12                   9.09816E+07
           14051                    T3                   3.18514E+13                   3.25830E+08
           14276                    T1                   1.73039E+13                   1.25124E+08
           14276                    T3                   1.03143E+13                   3.61262E+07
           14442                    T1                  -1.16134E+14                   1.11769E+08
           14442                    T2                  -8.06170E+12                   3.71701E+07
           14442                    T3                   1.13513E+14                   3.53600E+07
           14990                    T3                   3.68796E+10                   7.46550E+07
           15612                    T1                  -1.26954E+14                   1.15936E+08
           15612                    T2                  -2.66507E+14                   4.68281E+07
           15612                    T3                  -9.94853E+12                   3.93603E+07
           16318                    T2                   1.18900E+11                   7.71667E+07
           16318                    T3                   7.44582E+11                   8.07844E+07
           20406                    T2                  -2.05582E+09                   2.22545E+07
           20406                    T3                   2.97915E+11                   2.60220E+07
           20904                    T3                  -1.39988E+10                   2.10930E+07
           20934                    T1                  -1.73485E+13                   1.73173E+07
           20934                    T2                   1.03861E+14                   1.34615E+07
           20934                    T3                  -5.91242E+12                   1.82937E+07
           23439                    T3                   1.23108E+12                   3.75943E+08
           23505                    T2                   1.75272E+13                   5.53308E+08
           23505                    T3                   4.58941E+12                   5.13319E+08
           23939                    T1                   4.24651E+14                   8.64504E+08
           23939                    T2                  -2.96828E+14                   8.15822E+08
           23939                    T3                  -7.46295E+15                   8.60171E+08
           24111                    T1                  -2.81714E+12                   3.06981E+06
           24112                    T1                  -1.33447E+14                   3.06807E+06
           24112                    T2                   9.03250E+13                   3.23025E+06
           24112                    T3                  -1.90793E+14                   3.70234E+06
           24115                    T1                  -1.21452E+12                   3.07157E+06
           24115                    T3                  -1.00944E+13                   3.33488E+06
           24702                    T1                  -1.06894E+14                   4.10989E+07
           24702                    T2                  -7.57936E+12                   9.12286E+06
           24702                    T3                  -3.52111E+13                   1.00242E+07
           25115                    T3                   1.00918E+10                   8.80492E+06
           25283                    T2                   2.17364E+11                   2.03027E+07
           25283                    T3                   8.48837E+12                   1.97466E+07
           25818                    T1                   8.53945E+13                   2.75503E+07
           25818                    T2                  -4.88665E+13                   1.16450E+07
           25818                    T3                  -9.62897E+13                   1.90831E+07
1                                                                               MAY  15, 2023  SIMCENTER NASTRAN  8/ 4/22   PAGE    14
                                                                                                                                    
0                                                                                                            SUBCASE 1              
0                                                                                                                                   
         GRID POINT ID       DEGREE OF FREEDOM   MATRIX/FACTOR DIAGONAL RATIO        MATRIX DIAGONAL                                
                                                                                                                                    
           26957                    T2                  -5.23305E+11                   8.01287E+06
           26957                    T3                   4.61527E+11                   7.25490E+06
           28176                    T3                  -1.07573E+11                   2.59935E+07
           29137                    T1                  -2.65190E+14                   2.33086E+07
           29137                    T2                   6.67092E+13                   1.15682E+07
           29137                    T3                  -5.40869E+13                   1.61411E+07
           30005                    T3                   2.16371E+11                   2.75978E+07
           30006                    T2                  -1.89654E+11                   2.42762E+07
           30006                    T3                   2.51297E+13                   3.31261E+07
           30600                    T3                  -1.77462E+10                   3.77323E+07
           30653                    T2                  -2.35370E+13                   2.89185E+07
           30653                    T3                   2.71691E+12                   3.85392E+07
           30914                    T1                   2.18930E+14                   7.00520E+07
           30914                    T2                   1.63424E+15                   7.20239E+07
           30914                    T3                  -7.04430E+13                   6.40303E+07
           31143                    T3                   1.82396E+12                   4.19160E+07
           32555                    T1                  -1.71183E+14                   6.86565E+07
           32555                    T3                   2.92032E+11                   5.84589E+07
           32613                    T1                   6.27157E+13                   5.46704E+07
           32613                    T2                  -4.95866E+13                   6.54879E+07
           32613                    T3                  -1.43658E+15                   6.66415E+07
           33408                    T3                   2.68846E+13                   7.33602E+07
           33422                    T2                  -1.00483E+13                   3.27327E+07
           33422                    T3                   2.31723E+12                   3.50272E+07
           33427                    T1                  -5.33858E+13                   4.77133E+07
           33427                    T2                   1.35352E+14                   3.73127E+07
           33427                    T3                  -2.04136E+14                   5.47549E+07
           34107                    T1                   1.06687E+11                   2.26463E+07
           34107                    T3                   1.35469E+11                   2.77611E+07
           34422                    T1                  -4.81817E+13                   2.45075E+07
           34422                    T2                  -1.43437E+14                   4.18508E+07
           34422                    T3                   7.17551E+13                   3.55520E+07
           35324                    T3                  -5.28754E+12                   8.34465E+07
           36098                    T3                  -1.12643E+11                   2.58001E+08
           36744                    T2                   2.83851E+12                   4.26631E+08
           36744                    T3                   6.55441E+11                   3.43530E+08
           37079                    T1                  -1.60087E+14                   6.47951E+08
           37079                    T2                  -1.94658E+14                   8.09212E+08
           37079                    T3                  -1.50302E+14                   6.50808E+08
           37389                    T3                  -3.19705E+09                   3.78327E+07
           37869                    T2                   4.76897E+10                   2.20276E+07
           37869                    T3                  -2.50671E+12                   3.66257E+07
           37905                    T1                  -1.52015E+14                   4.34060E+07
           37905                    T2                   2.10985E+13                   1.89026E+07
           37905                    T3                  -1.65557E+14                   3.24540E+07
           38776                    T3                   1.96471E+11                   5.05627E+08
           39240                    T2                   7.14612E+13                   9.38819E+08
           39240                    T3                  -2.76840E+11                   1.03302E+09
           39472                    T1                   1.38546E+14                   7.43946E+08
           39472                    T2                   3.68019E+14                   8.03945E+08
1                                                                               MAY  15, 2023  SIMCENTER NASTRAN  8/ 4/22   PAGE    15
                                                                                                                                    
0                                                                                                            SUBCASE 1              
0                                                                                                                                   
         GRID POINT ID       DEGREE OF FREEDOM   MATRIX/FACTOR DIAGONAL RATIO        MATRIX DIAGONAL                                
                                                                                                                                    
           39472                    T3                  -5.53875E+14                   1.20999E+09
 *** USER INFORMATION MESSAGE 5293 (SSG3A)
    FOR DATA BLOCK KLL     
    LOAD SEQ. NO.             EPSILON              EXTERNAL WORK      EPSILONS LARGER THAN 0.001 ARE FLAGGED WITH ASTERISKS
                1          1.3044340E+00          1.0722983E+13             ****
1                                                                               MAY  15, 2023  SIMCENTER NASTRAN  8/ 4/22   PAGE    16
                                                                                                                                    
0                                                                                                                                   
 *** USER INFORMATION MESSAGE 7310 (VECPRN)
     ORIGIN OF SUPERELEMENT BASIC COORDINATE SYSTEM WILL BE USED AS REFERENCE LOCATION.
     RESULTANTS ABOUT ORIGIN OF SUPERELEMENT BASIC COORDINATE SYSTEM IN SUPERELEMENT BASIC SYSTEM COORDINATES.
0                                                  SPCFORCE RESULTANT       
  SUBCASE/    LOAD
  DAREA ID    TYPE       T1            T2            T3            R1            R2            R3
0        1     FX    0.000000E+00     ----          ----          ----       0.000000E+00  0.000000E+00                             
               FY       ----       0.000000E+00     ----       0.000000E+00     ----       0.000000E+00                             
               FZ       ----          ----       0.000000E+00  0.000000E+00  0.000000E+00     ----                                  
               MX       ----          ----          ----       0.000000E+00     ----          ----                                  
               MY       ----          ----          ----          ----       0.000000E+00     ----                                  
               MZ       ----          ----          ----          ----          ----       0.000000E+00                             
             TOTALS  0.000000E+00  0.000000E+00  0.000000E+00  0.000000E+00  0.000000E+00  0.000000E+00                             
 *** USER INFORMATION MESSAGE 4114 (OUTPBN2)
     DATA BLOCK OQG1     WRITTEN ON FORTRAN UNIT  12, TRL =
                    101                 4             49752                15                23                 0                 1
     (MAXIMUM POSSIBLE FORTRAN RECORD SIZE =    65538 WORDS.)
     (MAXIMUM SIZE OF FORTRAN RECORDS WRITTEN =    65538 WORDS.)
     (NUMBER OF FORTRAN RECORDS WRITTEN =       32 RECORDS.)
     (TOTAL DATA WRITTEN FOR DATA BLOCK =   312077 WORDS.)
 *** USER INFORMATION MESSAGE 4114 (OUTPBN2)
     DATA BLOCK BOUGV1   WRITTEN ON FORTRAN UNIT  12, TRL =
                    101                 4             49752                15                23                 0                 1
     (MAXIMUM POSSIBLE FORTRAN RECORD SIZE =    65538 WORDS.)
     (MAXIMUM SIZE OF FORTRAN RECORDS WRITTEN =    65538 WORDS.)
     (NUMBER OF FORTRAN RECORDS WRITTEN =       32 RECORDS.)
     (TOTAL DATA WRITTEN FOR DATA BLOCK =   312077 WORDS.)
 *** USER INFORMATION MESSAGE 4114 (OUTPBN2)
     DATA BLOCK OES1     WRITTEN ON FORTRAN UNIT  12, TRL =
                    101                63                 5                15                23                 0                 1
     (MAXIMUM POSSIBLE FORTRAN RECORD SIZE =    65538 WORDS.)
     (MAXIMUM SIZE OF FORTRAN RECORDS WRITTEN =    65538 WORDS.)
     (NUMBER OF FORTRAN RECORDS WRITTEN =       88 RECORDS.)
     (TOTAL DATA WRITTEN FOR DATA BLOCK =  2097559 WORDS.)
1                                                                               MAY  15, 2023  SIMCENTER NASTRAN  8/ 4/22   PAGE    17
                                                                                                                                    
0                                                                                                                                   
1                                                                               MAY  15, 2023  SIMCENTER NASTRAN  8/ 4/22   PAGE    18
                                                                                                                                    
0                                                                                                                                   
1                                                                               MAY  15, 2023  SIMCENTER NASTRAN  8/ 4/22   PAGE    19
                                                                                                                                    
0                                                                                                                                   
 *** USER INFORMATION MESSAGE 4110 (OUTPBN2)
                                 END-OF-DATA SIMULATION ON FORTRAN UNIT 12
                                 (MAXIMUM SIZE OF FORTRAN RECORDS WRITTEN =      1 WORDS.)
                                       (NUMBER OF FORTRAN RECORDS WRITTEN =      1 RECORDS.)
                                       (TOTAL DATA WRITTEN FOR EOF MARKER =      1 WORDS.)
1                                                                               MAY  15, 2023  SIMCENTER NASTRAN  8/ 4/22   PAGE    20
                                                                                                                                    
0                                                                                                                                   
 * * * *  D B D I C T   P R I N T  * * * *      SUBDMAP = PRTSUM  ,  DMAP STATEMENT NO.     28



0                                   * * * *  A N A L Y S I S  S U M M A R Y  T A B L E  * * * *
0 SEID  PEID PROJ VERS APRCH      SEMG SEMR SEKR SELG SELR MODES DYNRED SOLLIN PVALID SOLNL LOOPID DESIGN CYCLE SENSITIVITY
 --------------------------------------------------------------------------------------------------------------------------
     0     0    1    1 '        '    T    T    T    T    T     F      F      T      0     F     -1            0           F
0SEID = SUPERELEMENT ID.
 PEID = PRIMARY SUPERELEMENT ID OF IMAGE SUPERELEMENT.
 PROJ = PROJECT ID NUMBER.
 VERS = VERSION ID.
 APRCH = BLANK FOR STRUCTURAL ANALYSIS.  HEAT FOR HEAT TRANSFER ANALYSIS.
 SEMG = STIFFNESS AND MASS MATRIX GENERATION STEP.
 SEMR = MASS MATRIX REDUCTION STEP (INCLUDES EIGENVALUE SOLUTION FOR MODES).
 SEKR = STIFFNESS MATRIX REDUCTION STEP.
 SELG = LOAD MATRIX GENERATION STEP.
 SELR = LOAD MATRIX REDUCTION STEP. 
 MODES = T (TRUE) IF NORMAL MODES OR BUCKLING MODES CALCULATED.
 DYNRED = T (TRUE) MEANS GENERALIZED DYNAMIC AND/OR COMPONENT MODE REDUCTION PERFORMED.
 SOLLIN = T (TRUE) IF LINEAR SOLUTION EXISTS IN DATABASE.
 PVALID = P-DISTRIBUTION ID OF P-VALUE FOR P-ELEMENTS
 LOOPID = THE LAST LOOPID VALUE USED IN THE NONLINEAR ANALYSIS.  USEFUL FOR RESTARTS.
 SOLNL = T (TRUE) IF NONLINEAR SOLUTION EXISTS IN DATABASE.
 DESIGN CYCLE = THE LAST DESIGN CYCLE (ONLY VALID IN OPTIMIZATION).
 SENSITIVITY = SENSITIVITY MATRIX GENERATION FLAG.
1                                        * * * END OF JOB * * *
 
 
