1
 
 
 
 
                                                             
                        Copyright 2022 Siemens               
                         All Rights Reserved.                
                                                             
               This software and related documentation are   
                    proprietary to Siemens Industry          
                             Software Inc.                   
                                                             
              Siemens and the Siemens logo are registered    
             trademarks of Siemens Trademark GmbH & Co. KG.  
            Simcenter is a trademark, or registered trademark
                of Siemens Industry Software Inc. or its     
             subsidiaries in the United States and in other  
             countries.  Simcenter NASTRAN is a registered   
               trademark of Siemens Industry Software Inc.   
            All other trademarks, registered trademarks or   
               service marks belong to their respective      
                        holders.                             
                                                             
           LIMITATIONS TO U.S. GOVERNMENT RIGHTS. UNPUBLISHED
           - RIGHTS RESERVED UNDER THE COPYRIGHT LAWS OF THE 
            UNITED STATES. This computer software and related
               computer software documentation have been     
            developed exclusively at private expense and are 
           provided subject to the following rights:  If this
               computer software and computer  software      
            documentation qualify as "commercial items" (as  
             that term is defined in FAR 2.101), their use,  
            duplication or disclosure by the U.S. Government 
           is subject to the protections and restrictions as 
            set forth in the Siemens commercial license for  
            software and/or documentation, as prescribed in  
           FAR 12.212 and FAR 27.405(b)(2)(i) (for civilian  
             agencies) and in DFARS 227.7202-1(a) and DFARS  
           227.7202-3(a) (for the Department of Defense), or 
           any successor or similar regulation, as applicable
           or as amended from time to time.  If this computer
           software and computer documentation do not qualify
            as "commercial items", then they are "restricted 
           computer software" and are provided with "restric-
            tive rights", and their use, duplication or dis- 
            closure by the U.S. Government is subject to the 
            protections and restrictions as set forth in FAR 
           27.404(b) and FAR 52-227-14 (for civilian agencies
           ), and DFARS 227.7203-5(c) and DFARS 252.227-7014 
           (for the Department of Defense), or any successor 
           or similar regulation, as applicable or as amended
           from time to time. Siemens Industry Software Inc. 
           5800 Granite Parkway, Suite 600, Plano, TX 75024  
 

                * * * * * * * * * * * * * * * * * * * *
                * * * * * * * * * * * * * * * * * * * *
                * *                                 * *
                * *                                 * *
                * *                                 * *
                * *                                 * *
                * *   Simcenter Nastran 2206.5000   * *
                * *                                 * *
                * *       VERSION - 2206.5026       * *
                * *                                 * *
                * *          AUG  4, 2022           * *
                * *                                 * *
                * *                                 * *
                * *Intel64 Family 6 Model 142 Stepp * *
                * *                                 * *
                * *MODEL Intel(R) Core(TM) i7-8550U * *
                * *                                 * *
                * *           Windows 10            * *
                * *                                 * *
                * *       Compiled for X86-64       * *
                * *                                 * *
                * * * * * * * * * * * * * * * * * * * *
                * * * * * * * * * * * * * * * * * * * *
1 
  
                      Welcome to Simcenter Nastran
                      ----------------------------
  
  
 This "news" information can be turned off by setting "news=no" in the runtime
 configuration (RC) file.  The "news" keyword can be set in the system RC file
 for global, or multi-user control, and in a local file for local control.
 Individual jobs can be controlled by setting news to yes or no on the command
 line.
1                                                                               MAY  16, 2023  SIMCENTER NASTRAN  8/ 4/22   PAGE     1
                                                                                                                                    
0        N A S T R A N    F I L E    A N D    S Y S T E M    P A R A M E T E R    E C H O                                           
0                                                                                                                                   
                                                                                                                                    
                                                                                                                                    
     NASTRAN BUFFSIZE=32769 $(D:/TOOLS/SIEMENSNX/NXNASTRAN/CONF/NASTRAN.RCF[1])      
     NASTRAN BUFFPOOL=5854                                                           
     NASTRAN DIAGA=128 DIAGB=0 $(D:/TOOLS/SIEMENSNX/NXNASTRAN/CONF/NASTRAN.RCF[8])   
     NASTRAN SYSTEM(442)=2 $(COMMAND LINE[5])                                        
     NASTRAN REAL=2130706432 $(MEMORY LIMIT FOR MPI AND OTHER SPECIALIZED MODULES)   
     $*$$$$$$$$$$$$$$$$$$$$$$$$$$$$$$$$$$$$$$$$$$$$$$$$$$$$$$$$$$$$$$$$$             
     $*                                                                              
     $*                    SIMCENTER V2206.0.0.8101 TRANSLATOR                       
     $*                    FOR SIMCENTER NASTRAN VERSION 2206.0                      
     $*                                                                              
     $*             FEM FILE: D:\MAINFOLDER\PROGRAMS\MECHANICS & MACHINES\IGORMAMFILE
     $*             SIM FILE: D:\MAINFOLDER\PROGRAMS\MECHANICS & MACHINES\IGORMAMFILE
     $*        ANALYSIS TYPE: STRUCTURAL                                             
     $*        SOLUTION NAME: SOLUTION 1                                             
     $*        SOLUTION TYPE: SOL 101 LINEAR STATICS                                 
     $*                                                                              
     $*    SOLVER INPUT FILE: MECH_ASSEMBLY_SIM1-SOLUTION_1.DAT                      
     $*        CREATION DATE: 16-MAY-2023                                            
     $*        CREATION TIME: 10:02:57                                               
     $*             HOSTNAME: DESKTOP-0UUJCF0                                        
     $*      NASTRAN LICENSE: DESKTOP BUNDLE                                         
     $*                                                                              
     $*                UNITS: MM (MILLI-NEWTON)                                      
     $*                      ... LENGTH : MM                                         
     $*                      ... TIME   : SEC                                        
     $*                      ... MASS   : KILOGRAM (KG)                              
     $*                      ... TEMPERATURE : DEG CELSIUS                           
     $*                      ... FORCE  : MILLI-NEWTON                               
     $*                      ... THERMAL ENERGY : MN-MM (MICRO-JOULE)                
     $*                                                                              
     $* IMPORTANT NOTE:                                                              
     $*     THIS BANNER WAS GENERATED BY SIMCENTER AND ALTERING THIS                 
     $*     INFORMATION MAY COMPROMISE THE PRE AND POST PROCESSING OF RESULTS        
     $*                                                                              
     $*$$$$$$$$$$$$$$$$$$$$$$$$$$$$$$$$$$$$$$$$$$$$$$$$$$$$$$$$$$$$$$$$$             
     $*                                                                              
     $*$$$$$$$$$$$$$$$$$$$$$$$$$$$$$$$$$$$                                           
     $*                                                                              
     $* FILE MANAGEMENT                                                              
     $*                                                                              
     $*$$$$$$$$$$$$$$$$$$$$$$$$$$$$$$$$$$$                                           
     $*                                                                              
     $*                                                                              
     $*$$$$$$$$$$$$$$$$$$$$$$$$$$$$$$$$$$$                                           
     $*                                                                              
     $* EXECUTIVE CONTROL                                                            
     $*                                                                              
     $*$$$$$$$$$$$$$$$$$$$$$$$$$$$$$$$$$$$                                           
     $*                                                                              
1                                                                               MAY  16, 2023  SIMCENTER NASTRAN  8/ 4/22   PAGE     2
                                                                                                                                    
0        N A S T R A N    E X E C U T I V E    C O N T R O L    E C H O                                                             
0                                                                                                                                   
                                                                                                                                    
                                                                                                                                    
     ID,NASTRAN,MECH_ASSEMBLY_SIM1-SOLUTION_1                                                
     SOL 101                                                                                 
     CEND                                                                                    
1                                                                               MAY  16, 2023  SIMCENTER NASTRAN  8/ 4/22   PAGE     3
                                                                                                                                    
0                                                                                                                                   
0                                        C A S E    C O N T R O L    E C H O                                                        
                 COMMAND                                                                                                            
                 COUNT                                                                                                              
                  1      $*                                                                                      
                  2      $*$$$$$$$$$$$$$$$$$$$$$$$$$$$$$$$$$$$                                                   
                  3      $*                                                                                      
                  4      $* CASE CONTROL                                                                         
                  5      $*                                                                                      
                  6      $*$$$$$$$$$$$$$$$$$$$$$$$$$$$$$$$$$$$                                                   
                  7      $*                                                                                      
                  8      ECHO = NONE                                                                             
                  9      OUTPUT                                                                                  
                 10      DISPLACEMENT(PLOT,REAL) = ALL                                                           
                 11      SPCFORCES(PLOT,REAL) = ALL                                                              
                 12      STRESS(PLOT,REAL,VONMISES,CENTER) = ALL                                                 
                 13      PARAM,BAILOUT,-1                                                                        
                 14      $*  STEP: SUBCASE - STATICS 1                                                           
                 15      SUBCASE 1                                                                               
                 16        LABEL = SUBCASE - STATICS 1                                                           
                 17        LOAD = 1                                                                              
                 18        SPC = 101                                                                             
                 19      $*                                                                                      
                 20      $*$$$$$$$$$$$$$$$$$$$$$$$$$$$$$$$$$$$                                                   
                 21      $*                                                                                      
                 22      $* BULK DATA                                                                            
                 23      $*                                                                                      
                 24      $*$$$$$$$$$$$$$$$$$$$$$$$$$$$$$$$$$$$                                                   
                 25      $*                                                                                      
                 26      BEGIN BULK                                                                              
0                             INPUT BULK DATA ENTRY COUNT =       89083
0                       TOTAL COUNT=     89047


                                        M O D E L   S U M M A R Y

                                   NUMBER OF GRID     POINTS   =    28012
 
 
                                   NUMBER OF CTETRA   ELEMENTS =    14430
 
 *** USER INFORMATION MESSAGE 4109 (OUTPBN2)
     THE LABEL IS NX2206.5 FOR FORTRAN UNIT 12
     (MAXIMUM SIZE OF FORTRAN RECORDS WRITTEN =        7 WORDS.)
     (NUMBER OF FORTRAN RECORDS WRITTEN =        8 RECORDS.)
     (TOTAL DATA WRITTEN FOR TAPE LABEL =       17 WORDS.)
1                                                                               MAY  16, 2023  SIMCENTER NASTRAN  8/ 4/22   PAGE     4
                                                                                                                                    
0                                                                                                                                   
0                                                                                                                                   
                                                                                                                                    
                                                                                                                                    
 *** USER INFORMATION MESSAGE 4114 (OUTPBN2)
     DATA BLOCK IBULK    WRITTEN ON FORTRAN UNIT  12, TRL =
                    101                 1                 0                 0                 0                 0                 0
     (MAXIMUM POSSIBLE FORTRAN RECORD SIZE =    65538 WORDS.)
     (MAXIMUM SIZE OF FORTRAN RECORDS WRITTEN =       20 WORDS.)
     (NUMBER OF FORTRAN RECORDS WRITTEN =   445424 RECORDS.)
     (TOTAL DATA WRITTEN FOR DATA BLOCK =  2137991 WORDS.)
 *** USER INFORMATION MESSAGE 4114 (OUTPBN2)
     DATA BLOCK ICASE    WRITTEN ON FORTRAN UNIT  12, TRL =
                    102                28                 0                 0                 0                 0                 0
     (MAXIMUM POSSIBLE FORTRAN RECORD SIZE =    65538 WORDS.)
     (MAXIMUM SIZE OF FORTRAN RECORDS WRITTEN =       20 WORDS.)
     (NUMBER OF FORTRAN RECORDS WRITTEN =      154 RECORDS.)
     (TOTAL DATA WRITTEN FOR DATA BLOCK =      698 WORDS.)
 *** USER INFORMATION MESSAGE 4114 (OUTPBN2)
     DATA BLOCK CASECC   WRITTEN ON FORTRAN UNIT  12, TRL =
                    103                 1                 0              1210                 0                 0                 0
     (MAXIMUM POSSIBLE FORTRAN RECORD SIZE =    65538 WORDS.)
     (MAXIMUM SIZE OF FORTRAN RECORDS WRITTEN =     1210 WORDS.)
     (NUMBER OF FORTRAN RECORDS WRITTEN =       19 RECORDS.)
     (TOTAL DATA WRITTEN FOR DATA BLOCK =     1236 WORDS.)
 *** USER INFORMATION MESSAGE 4114 (OUTPBN2)
     DATA BLOCK PVT0     WRITTEN ON FORTRAN UNIT  12, TRL =
                    101                28                 0                 0                 0                 0                 0
     (MAXIMUM POSSIBLE FORTRAN RECORD SIZE =    65538 WORDS.)
     (MAXIMUM SIZE OF FORTRAN RECORDS WRITTEN =       28 WORDS.)
     (NUMBER OF FORTRAN RECORDS WRITTEN =       19 RECORDS.)
     (TOTAL DATA WRITTEN FOR DATA BLOCK =       54 WORDS.)
 *** USER INFORMATION MESSAGE 4114 (OUTPBN2)
     DATA BLOCK GPL      WRITTEN ON FORTRAN UNIT  12, TRL =
                    101             28012             28012                 0                 0                 0                 0
     (MAXIMUM POSSIBLE FORTRAN RECORD SIZE =    65538 WORDS.)
     (MAXIMUM SIZE OF FORTRAN RECORDS WRITTEN =    56024 WORDS.)
     (NUMBER OF FORTRAN RECORDS WRITTEN =       24 RECORDS.)
     (TOTAL DATA WRITTEN FOR DATA BLOCK =    84067 WORDS.)
 *** USER INFORMATION MESSAGE 4114 (OUTPBN2)
     DATA BLOCK GPDT     WRITTEN ON FORTRAN UNIT  12, TRL =
                    102             28012                 7                 0                 1                 0                 0
     (MAXIMUM POSSIBLE FORTRAN RECORD SIZE =    65538 WORDS.)
     (MAXIMUM SIZE OF FORTRAN RECORDS WRITTEN =    65538 WORDS.)
     (NUMBER OF FORTRAN RECORDS WRITTEN =       27 RECORDS.)
     (TOTAL DATA WRITTEN FOR DATA BLOCK =   280146 WORDS.)
 *** USER INFORMATION MESSAGE 4114 (OUTPBN2)
     DATA BLOCK EPT      WRITTEN ON FORTRAN UNIT  12, TRL =
                    101                 0               256                 0                 0                 0                 0
     (MAXIMUM POSSIBLE FORTRAN RECORD SIZE =    65538 WORDS.)
     (MAXIMUM SIZE OF FORTRAN RECORDS WRITTEN =       10 WORDS.)
     (NUMBER OF FORTRAN RECORDS WRITTEN =       24 RECORDS.)
     (TOTAL DATA WRITTEN FOR DATA BLOCK =       43 WORDS.)
1                                                                               MAY  16, 2023  SIMCENTER NASTRAN  8/ 4/22   PAGE     5
                                                                                                                                    
0                                                                                                                                   
0                                                                                                                                   
                                                                                                                                    
                                                                                                                                    
 *** USER INFORMATION MESSAGE 4114 (OUTPBN2)
     DATA BLOCK MPT      WRITTEN ON FORTRAN UNIT  12, TRL =
                    101             33280                 0                 0                 0                 0                 0
     (MAXIMUM POSSIBLE FORTRAN RECORD SIZE =    65538 WORDS.)
     (MAXIMUM SIZE OF FORTRAN RECORDS WRITTEN =       15 WORDS.)
     (NUMBER OF FORTRAN RECORDS WRITTEN =       29 RECORDS.)
     (TOTAL DATA WRITTEN FOR DATA BLOCK =       67 WORDS.)
 *** USER INFORMATION MESSAGE 4114 (OUTPBN2)
     DATA BLOCK GEOM2    WRITTEN ON FORTRAN UNIT  12, TRL =
                    101                 0                 0                 0               512                 0                 0
     (MAXIMUM POSSIBLE FORTRAN RECORD SIZE =    65538 WORDS.)
     (MAXIMUM SIZE OF FORTRAN RECORDS WRITTEN =    65538 WORDS.)
     (NUMBER OF FORTRAN RECORDS WRITTEN =       28 RECORDS.)
     (TOTAL DATA WRITTEN FOR DATA BLOCK =   173196 WORDS.)
 *** USER INFORMATION MESSAGE 4114 (OUTPBN2)
     DATA BLOCK GEOM3    WRITTEN ON FORTRAN UNIT  12, TRL =
                    102                 0                 0                64                 0                 0                 0
     (MAXIMUM POSSIBLE FORTRAN RECORD SIZE =    65538 WORDS.)
     (MAXIMUM SIZE OF FORTRAN RECORDS WRITTEN =      171 WORDS.)
     (NUMBER OF FORTRAN RECORDS WRITTEN =       24 RECORDS.)
     (TOTAL DATA WRITTEN FOR DATA BLOCK =      204 WORDS.)
 *** USER INFORMATION MESSAGE 4114 (OUTPBN2)
     DATA BLOCK GEOM4    WRITTEN ON FORTRAN UNIT  12, TRL =
                    103                 0                 0                 0               544                 0                 0
     (MAXIMUM POSSIBLE FORTRAN RECORD SIZE =    65538 WORDS.)
     (MAXIMUM SIZE OF FORTRAN RECORDS WRITTEN =    16443 WORDS.)
     (NUMBER OF FORTRAN RECORDS WRITTEN =       29 RECORDS.)
     (TOTAL DATA WRITTEN FOR DATA BLOCK =    16488 WORDS.)
 *** USER INFORMATION MESSAGE 4114 (OUTPBN2)
     DATA BLOCK GEOM1    WRITTEN ON FORTRAN UNIT  12, TRL =
                    104                 0                 0                 8                 0                 0                 0
     (MAXIMUM POSSIBLE FORTRAN RECORD SIZE =    65538 WORDS.)
     (MAXIMUM SIZE OF FORTRAN RECORDS WRITTEN =    65538 WORDS.)
     (NUMBER OF FORTRAN RECORDS WRITTEN =       32 RECORDS.)
     (TOTAL DATA WRITTEN FOR DATA BLOCK =   308168 WORDS.)
 *** USER INFORMATION MESSAGE 4114 (OUTPBN2)
     DATA BLOCK BGPDT    WRITTEN ON FORTRAN UNIT  12, TRL =
                    105             28012                 0            168072                 1                 0            110291
     (MAXIMUM POSSIBLE FORTRAN RECORD SIZE =    65538 WORDS.)
     (MAXIMUM SIZE OF FORTRAN RECORDS WRITTEN =    65538 WORDS.)
     (NUMBER OF FORTRAN RECORDS WRITTEN =       34 RECORDS.)
     (TOTAL DATA WRITTEN FOR DATA BLOCK =   392198 WORDS.)
 *** USER INFORMATION MESSAGE 4114 (OUTPBN2)
     DATA BLOCK DIT      WRITTEN ON FORTRAN UNIT  12, TRL =
                    101             32768                 0                 0                 0                 0                 0
     (MAXIMUM POSSIBLE FORTRAN RECORD SIZE =    65538 WORDS.)
     (MAXIMUM SIZE OF FORTRAN RECORDS WRITTEN =      137 WORDS.)
     (NUMBER OF FORTRAN RECORDS WRITTEN =       24 RECORDS.)
     (TOTAL DATA WRITTEN FOR DATA BLOCK =      170 WORDS.)
1                                                                               MAY  16, 2023  SIMCENTER NASTRAN  8/ 4/22   PAGE     6
                                                                                                                                    
0                                                                                                                                   
0                                                                                                                                   
                                                                                                                                    
                                                                                                                                    
 *** USER INFORMATION MESSAGE 4114 (OUTPBN2)
     DATA BLOCK EQEXIN   WRITTEN ON FORTRAN UNIT  12, TRL =
                    101             28012                 0                 0                 0                 0                 0
     (MAXIMUM POSSIBLE FORTRAN RECORD SIZE =    65538 WORDS.)
     (MAXIMUM SIZE OF FORTRAN RECORDS WRITTEN =    56024 WORDS.)
     (NUMBER OF FORTRAN RECORDS WRITTEN =       24 RECORDS.)
     (TOTAL DATA WRITTEN FOR DATA BLOCK =   112078 WORDS.)
 *** USER INFORMATION MESSAGE 7555 (ETETGS)
     FINITE ELEMENT GEOMETRY CHECK RESULTS EXCEED TOLERANCE LEVELS FOR THE FOLLOWING ELEMENTS.
     USER ACTION: USE THE GEOMCHECK (EXECUTIVE CONTROL STATEMENT) KEYWORD=VALUE TO CHANGE TOLERANCE VALUES IF DESIRED.
     ALL EDGE LENGTH TO HEIGHT  RATIO (AR)TOLERANCE LIMIT VIOLATIONS WILL BE IDENTIFIED AND INDICATED BY FAIL.
     A MINIMUM OF        100 EDGE NODE POINT LENGTH RATIO (ER)TOLERANCE LIMIT VIOLATIONS WILL BE IDENTIFIED AND INDICATED BY xxxx.
     A MINIMUM OF        100 EDGE NODE POINT INCLUDED ANGLE   TOLERANCE LIMIT VIOLATIONS WILL BE IDENTIFIED AND INDICATED BY xxxx.
     ALL NEG/ZERO DET(JACOBIAN) VALUE (DJ)TOLERANCE LIMIT VIOLATIONS WILL BE IDENTIFIED AND INDICATED BY FAIL.
     A MINIMUM OF        100 NEG DET(JAC) AT VERTEX NODE  (DG)TOLERANCE LIMIT VIOLATIONS WILL BE IDENTIFIED AND INDICATED BY xxxx.
1                                                                               MAY  16, 2023  SIMCENTER NASTRAN  8/ 4/22   PAGE     7
                                                                                                                                    
0                                                                                                                                   
     TOLERANCE LIMITS ARE:  TET_AR =   100.00, TET_EPLR =   0.50, TET_EPIA =  30.00, TET_DETJ =   0.00, TET_DETG =   0.00
                            (xxxx = LIMIT VIOLATED)
                         LONGEST    SHORTEST          ASPECT      EDGE POINT      EDGE POINT   MIN. JACOBIAN   MIN. DET(JAC)
 ELEMENT TYPE    ID         EDGE      HEIGHT           RATIO    LENGTH RATIO  INCLUDED ANGLE     DETERMINANT       AT VERTEX
    TETRA        6163       2.50        1.09       2.29            0.96           30.15 xxxx       4.17            4.07     
    TETRA        6186       2.18        1.08       2.02            0.91           31.31 xxxx       1.97            1.74     
    TETRA        6201       2.30        0.96       2.38            0.98           30.06 xxxx       2.04            1.97     
    TETRA        6206       2.38        1.35       1.76            1.00           30.15 xxxx       4.31            4.10     
    TETRA        6236       2.68        1.28       2.09            0.98           30.68 xxxx       4.35            3.94     
    TETRA        6248       2.68        1.01       2.66            0.98           30.68 xxxx       3.18            3.00     
    TETRA        6255       2.19        1.08       2.02            0.90           30.68 xxxx       1.71            1.55     
    TETRA        6324       2.67        0.74       3.60            0.92           30.25 xxxx       1.86            1.56     
    TETRA        6325       2.66        0.79       3.36            0.93           30.25 xxxx       3.48            3.21     
    TETRA        6403       2.19        1.08       2.03            0.91           31.31 xxxx       2.67            2.76     
    TETRA        6565       2.50        1.09       2.29            0.93           30.25 xxxx       4.38            4.23     
    TETRA        6645       2.72        1.07       2.53            1.00           30.15 xxxx       3.24            2.99     
    TETRA        6775       2.46        1.00       2.46            0.98           30.26 xxxx       3.23            2.98     
    TETRA        6793       2.67        0.84       3.18            0.92           30.66 xxxx       1.97            1.51     
    TETRA        6800       2.30        0.98       2.35            0.91           30.09 xxxx       2.45            2.31     
    TETRA        6805       2.72        1.08       2.52            1.00           30.26 xxxx       3.18            3.00     
    TETRA        7069       2.19        1.06       2.08            0.90           31.32 xxxx       1.98            1.77     
    TETRA        7136       2.18        1.05       2.08            0.98           30.59 xxxx       2.35            2.25     
    TETRA        7287       2.49        1.27       1.96            0.96           30.59 xxxx       3.32            3.02     
    TETRA        7392       2.30        0.88       2.60            0.90           30.07 xxxx       1.69            1.51     
    TETRA        7510       2.73        1.10       2.47            1.00           30.23 xxxx       2.48            2.18     
    TETRA        7546       3.01        1.23       2.44            0.97           30.59 xxxx       3.63            3.22     
    TETRA        7563       2.13        1.07       1.98            0.91           30.09 xxxx       2.34            2.10     
    TETRA        7645       2.73        0.89       3.07            0.93           30.66 xxxx       2.50            2.26     
    TETRA        7777       2.15        1.09       1.97            0.92           30.09 xxxx       2.39            2.16     
    TETRA        7879       2.18        1.09       2.00            1.00           30.23 xxxx       2.91            2.81     
    TETRA        7887       2.30        0.98       2.34            0.97           30.09 xxxx       2.23            2.15     
    TETRA        7961       2.73        0.97       2.80            0.98           30.23 xxxx       3.24            2.72     
    TETRA        7964       2.26        1.06       2.14            0.91           30.07 xxxx       2.97            2.72     
    TETRA        7967       2.74        0.90       3.03            0.97           30.59 xxxx       2.42            2.15     
    TETRA        7974       2.18        1.09       2.00            0.91           30.59 xxxx       1.79            1.64     
    TETRA        8070       2.36        0.98       2.41            1.00           30.15 xxxx       2.37            2.28     
    TETRA        8086       2.12        1.09       1.95            0.91           30.07 xxxx       2.21            1.97     
    TETRA        8090       2.19        1.07       2.06            0.90           30.59 xxxx       1.64            1.47     
    TETRA        8094       2.73        0.76       3.58            0.92           30.66 xxxx       2.49            2.22     
    TETRA        8118       2.18        1.09       2.00            1.00           30.15 xxxx       2.91            2.83     
    TETRA        8135       2.18        1.05       2.09            0.98           30.24 xxxx       2.37            2.29     
    TETRA        8155       3.01        0.98       3.06            0.98           30.59 xxxx       3.08            2.74     
    TETRA        8163       2.19        1.07       2.05            0.90           31.32 xxxx       1.92            1.70     
    TETRA        8293       2.19        1.09       2.01            0.91           30.66 xxxx       2.49            2.51     
    TETRA        8336       2.64        0.87       3.03            0.98           30.68 xxxx       2.29            2.05     
    TETRA        8616       2.72        1.36       2.00            1.00           30.15 xxxx       5.65            5.38     
1                                                                               MAY  16, 2023  SIMCENTER NASTRAN  8/ 4/22   PAGE     8
                                                                                                                                    
0                                                                                                                                   
     TOLERANCE LIMITS ARE:  TET_AR =   100.00, TET_EPLR =   0.50, TET_EPIA =  30.00, TET_DETJ =   0.00, TET_DETG =   0.00
                            (xxxx = LIMIT VIOLATED)
                         LONGEST    SHORTEST          ASPECT      EDGE POINT      EDGE POINT   MIN. JACOBIAN   MIN. DET(JAC)
 ELEMENT TYPE    ID         EDGE      HEIGHT           RATIO    LENGTH RATIO  INCLUDED ANGLE     DETERMINANT       AT VERTEX
    TETRA        8728       2.32        0.98       2.36            0.99           30.24 xxxx       2.37            2.27     
    TETRA       13304       9.18        4.20       2.19            0.91           39.96 xxxx     309.12          290.95     
    TETRA       13305       8.71        3.04       2.86            0.86           34.01 xxxx      58.79           25.35     
    TETRA       13315       9.55        4.37       2.19            0.96           32.70 xxxx     347.89          337.74     
    TETRA       13316       9.26        4.28       2.16            0.96           33.77 xxxx     305.13          292.21     
    TETRA       13318       9.72        5.54       1.75            0.97           32.44 xxxx     400.52          366.94     
    TETRA       13319       9.25        4.24       2.18            0.96           34.24 xxxx     307.06          291.35     
    TETRA       13320       9.11        4.48       2.04            0.93           33.77 xxxx     125.01           73.42     
    TETRA       13328       9.04        4.43       2.04            0.92           31.73 xxxx     119.65           73.94     
    TETRA       13329       9.03        3.00       3.01            0.92           34.01 xxxx      58.75           25.23     
    TETRA       13330      10.50        4.37       2.41            0.89           39.71 xxxx     240.93           91.57     
    TETRA       13339       9.03        2.49       3.62            0.86           34.01 xxxx      75.43           25.29     
    TETRA       13342       9.21        4.24       2.17            0.91           39.96 xxxx     339.81          336.21     
    TETRA       13347       8.72        3.89       2.24            0.97           34.96 xxxx     245.09          235.32     
    TETRA       13360       9.72        4.49       2.17            0.96           32.44 xxxx     362.92          354.52     
    TETRA       13361       9.26        3.81       2.43            0.94           33.77 xxxx     250.09          234.34     
    TETRA       13362       9.24        4.03       2.29            0.93           34.24 xxxx     271.72          257.05     
    TETRA       13363       8.78        4.08       2.15            0.98           34.96 xxxx     261.84          254.51     
    TETRA       13364       8.91        4.06       2.20            0.93           30.84 xxxx     258.70          248.00     
    TETRA       13370      10.50        4.25       2.47            0.90           39.71 xxxx     172.74           75.25     
    TETRA       13386       9.12        3.93       2.32            0.92           31.73 xxxx     259.50          250.87     
    TETRA       13387       9.12        4.05       2.25            0.92           31.73 xxxx     275.23          266.85     
    TETRA       13390       9.71        3.90       2.49            0.89           39.71 xxxx     141.59           54.30     
    TETRA       13413       8.98        4.27       2.10            0.92           40.06 xxxx     329.08          321.81     
    TETRA       13416       9.18        4.67       1.97            0.92           39.96 xxxx     144.60           74.13     
    TETRA       13433       9.14        4.22       2.17            0.93           33.21 xxxx     283.88          273.40     
    TETRA       13437       8.72        4.37       1.99            0.97           34.96 xxxx     102.42           55.78     
    TETRA       13443       9.01        4.47       2.02            0.93           31.47 xxxx     120.43           73.96     
    TETRA       13446       9.14        3.69       2.48            0.93           31.47 xxxx     237.31          228.03     
    TETRA       13454       8.91        4.39       2.03            0.93           38.52 xxxx     130.42           73.10     
    TETRA       13455       7.33        3.23       2.27            0.87           30.00 xxxx     115.15          111.58     
    TETRA       13458       8.70        3.75       2.32            0.98           34.41 xxxx     224.99          214.03     
    TETRA       13460       8.91        4.06       2.19            0.92           38.52 xxxx     282.09          267.87     
    TETRA       13476       6.43        2.65       2.42            0.91           30.00 xxxx      77.97           75.86     
    TETRA       13478       9.14        4.14       2.21            0.93           31.47 xxxx     273.65          264.32     
    TETRA       13482       7.33        3.23       2.27            0.87           30.00 xxxx     122.08          118.69     
    TETRA       13483       7.33        3.22       2.28            0.87           30.20 xxxx     136.60          133.64     
    TETRA       13489       8.97        4.37       2.05            0.92           31.73 xxxx      86.12           36.27     
    TETRA       13490       9.19        4.67       1.97            0.96           33.77 xxxx     122.69           68.23     
    TETRA       13491       9.03        5.12       1.76            0.91           40.14 xxxx     162.29          102.45     
    TETRA       13493       9.00        4.23       2.13            0.91           40.14 xxxx     312.00          296.94     
    TETRA       13495      11.40        4.20       2.71            0.92           32.94 xxxx     202.18          178.11     
1                                                                               MAY  16, 2023  SIMCENTER NASTRAN  8/ 4/22   PAGE     9
                                                                                                                                    
0                                                                                                                                   
     TOLERANCE LIMITS ARE:  TET_AR =   100.00, TET_EPLR =   0.50, TET_EPIA =  30.00, TET_DETJ =   0.00, TET_DETG =   0.00
                            (xxxx = LIMIT VIOLATED)
                         LONGEST    SHORTEST          ASPECT      EDGE POINT      EDGE POINT   MIN. JACOBIAN   MIN. DET(JAC)
 ELEMENT TYPE    ID         EDGE      HEIGHT           RATIO    LENGTH RATIO  INCLUDED ANGLE     DETERMINANT       AT VERTEX
    TETRA       13498       8.83        2.64       3.35            0.91           32.94 xxxx      69.82           45.99     
    TETRA       13500      11.40        3.89       2.93            0.91           32.94 xxxx     206.41          192.36     
    TETRA       13511       9.14        4.00       2.29            0.98           33.21 xxxx      95.29           50.04     
    TETRA       13512       9.21        5.24       1.76            0.91           44.12 xxxx     171.34           79.64     
    TETRA       13513       8.66        4.31       2.01            0.98           34.41 xxxx      95.38           50.57     
    TETRA       13515       9.34        4.26       2.19            0.92           32.70 xxxx     289.29          278.13     
    TETRA       13517       9.34        4.63       2.02            0.92           32.70 xxxx     132.70           52.57     
    TETRA       13519       9.00        4.78       1.88            0.93           30.86 xxxx     128.83           49.78     
    TETRA       13537       9.48        2.83       3.35            0.98           33.27 xxxx     100.31           62.65     
    TETRA       13564       9.25        4.79       1.93            0.96           32.44 xxxx     125.80           67.32     
    TETRA       13565       9.02        4.57       1.98            0.93           32.70 xxxx     134.51           82.00     
    TETRA       13571       8.74        3.54       2.47            0.99           30.20 xxxx      97.80           68.27     
    TETRA       13595       9.14        4.08       2.24            0.99           33.21 xxxx     280.05          272.02     
    TETRA       13597       9.03        4.28       2.11            0.91           40.14 xxxx     334.46          326.71     
    TETRA       13598       9.08        4.44       2.05            0.99           33.21 xxxx     104.95           56.56     
    TETRA       13603       9.21        4.78       1.93            0.93           34.24 xxxx     142.04           86.13     
    TETRA       13707      14.13        0.01    1079.03 FAIL       1.00            0.00              NO TEST         NO TEST
1                                                                               MAY  16, 2023  SIMCENTER NASTRAN  8/ 4/22   PAGE    10
                                                                                                                                    
0                                                                                                                                   


                            E L E M E N T   G E O M E T R Y   T E S T   R E S U L T S   S U M M A R Y
                                        TOTAL NUMBER OF TIMES TOLERANCES WERE EXCEEDED
 ELEMENT     SKEW    ASPECT/       MINIMUM       MAXIMUM    SURFACE/FACE  THICKNESS/     EDGE POINT    EDGE POINT       JACOBIAN
 TYPE        ANGLE  TAPER RATIO  INTER. ANGLE  INTER. ANGLE  WARP FACTOR  OFFSET RATIO  LENGTH RATIO  INCLUDED ANGLE  DETERMINANT
 TETRA         N/A          1           N/A           N/A           N/A           N/A             0           481             0     

         N/A IN THE ABOVE TABLE INDICATES TESTS THAT ARE NOT APPLICABLE TO THE ELEMENT TYPE AND WERE NOT PERFORMED.
         FOR ALL ELEMENTS WHERE GEOMETRY TEST RESULTS HAVE EXCEEDED TOLERANCES,

         TETRA    ELEMENT ID    13707 PRODUCED LARGEST  ASPECT RATIO     OF    1079.03 (TOLERANCE =      100.00).
         TETRA    ELEMENT ID    15640 PRODUCED LARGEST  EDGE POINT IA    OF      90.10 (TOLERANCE =       30.00).
 ^^^ USER   FATAL   MESSAGE 9031 (ERRPH1)    
 ^^^ NOGO ENCOUNTERED IN SUBDMAP    SEMG     
 *** USER INFORMATION MESSAGE 4110 (OUTPBN2)
                                 END-OF-DATA SIMULATION ON FORTRAN UNIT 12
                                 (MAXIMUM SIZE OF FORTRAN RECORDS WRITTEN =      1 WORDS.)
                                       (NUMBER OF FORTRAN RECORDS WRITTEN =      1 RECORDS.)
                                       (TOTAL DATA WRITTEN FOR EOF MARKER =      1 WORDS.)
1                                                                               MAY  16, 2023  SIMCENTER NASTRAN  8/ 4/22   PAGE    11
                                                                                                                                    
0                                                                                                                                   
 * * * *  D B D I C T   P R I N T  * * * *      SUBDMAP = PRTSUM  ,  DMAP STATEMENT NO.     28



0                                   * * * *  A N A L Y S I S  S U M M A R Y  T A B L E  * * * *
0 SEID  PEID PROJ VERS APRCH      SEMG SEMR SEKR SELG SELR MODES DYNRED SOLLIN PVALID SOLNL LOOPID DESIGN CYCLE SENSITIVITY
 --------------------------------------------------------------------------------------------------------------------------
0SEID = SUPERELEMENT ID.
 PEID = PRIMARY SUPERELEMENT ID OF IMAGE SUPERELEMENT.
 PROJ = PROJECT ID NUMBER.
 VERS = VERSION ID.
 APRCH = BLANK FOR STRUCTURAL ANALYSIS.  HEAT FOR HEAT TRANSFER ANALYSIS.
 SEMG = STIFFNESS AND MASS MATRIX GENERATION STEP.
 SEMR = MASS MATRIX REDUCTION STEP (INCLUDES EIGENVALUE SOLUTION FOR MODES).
 SEKR = STIFFNESS MATRIX REDUCTION STEP.
 SELG = LOAD MATRIX GENERATION STEP.
 SELR = LOAD MATRIX REDUCTION STEP. 
 MODES = T (TRUE) IF NORMAL MODES OR BUCKLING MODES CALCULATED.
 DYNRED = T (TRUE) MEANS GENERALIZED DYNAMIC AND/OR COMPONENT MODE REDUCTION PERFORMED.
 SOLLIN = T (TRUE) IF LINEAR SOLUTION EXISTS IN DATABASE.
 PVALID = P-DISTRIBUTION ID OF P-VALUE FOR P-ELEMENTS
 LOOPID = THE LAST LOOPID VALUE USED IN THE NONLINEAR ANALYSIS.  USEFUL FOR RESTARTS.
 SOLNL = T (TRUE) IF NONLINEAR SOLUTION EXISTS IN DATABASE.
 DESIGN CYCLE = THE LAST DESIGN CYCLE (ONLY VALID IN OPTIMIZATION).
 SENSITIVITY = SENSITIVITY MATRIX GENERATION FLAG.
1                                        * * * END OF JOB * * *
 
 
