STEP to UG
! INFO-     NX STEP AP214 - V2206.8501
! INFO-      
! INFO-     Start of Translation: 9-APR-2023  3:54:46 PM
! INFO-      
! STATUS-   Converting Part: C:\Work\mamcw.prj\Model\Iter3\bearings\KP08\KP08.STEP
! SUMMARY-   
! SUMMARY-    STEP Header Information
! SUMMARY-   
! SUMMARY-  Description      STEP AP214
! SUMMARY-  Imp_Level        1
! SUMMARY-  File_Name        KP08.STEP
! SUMMARY-  Date             2017-02-04T17:39:37
! SUMMARY-  Author           DronnnTM
! SUMMARY-  Organization     Unknown
! SUMMARY-  Pre_Version      SwSTEP 2.0
! SUMMARY-  Orig_System      SolidWorks 2016
! SUMMARY-  Authorization    Unknown
! SUMMARY-  Schema_ID        automotive_design
! SUMMARY-   
! SUMMARY-    Summary of STEP Entities
! SUMMARY-   
! SUMMARY-  Entity Type                                                   Count
! SUMMARY-  -----------                                                   ------
! SUMMARY-  advanced_face ..............................................:    460
! SUMMARY-  application_context ........................................:      6
! SUMMARY-  axis2_placement_3d .........................................:    614
! SUMMARY-  b_spline_curve_with_knots ..................................:    338
! SUMMARY-  b_spline_curve_with_knots_and_rational_b_spline_curve ......:     22
! SUMMARY-  b_spline_surface_with_knots ................................:    116
! SUMMARY-  b_spline_surface_with_knots_and_rational_b_spline_surface ..:     52
! SUMMARY-  cartesian_point ............................................:  11032
! SUMMARY-  circle .....................................................:    317
! SUMMARY-  closed_shell ...............................................:      2
! SUMMARY-  conical_surface ............................................:     18
! SUMMARY-  context_dependent_shape_representation .....................:      2
! SUMMARY-  cylindrical_surface ........................................:    108
! SUMMARY-  direction ..................................................:   1638
! SUMMARY-  edge_curve .................................................:   1087
! SUMMARY-  edge_loop ..................................................:    495
! SUMMARY-  face_bound .................................................:     35
! SUMMARY-  face_outer_bound ...........................................:    460
! SUMMARY-  geometric_representation_context_and_global_uncertainty_a ..:    177
! SUMMARY-  item_defined_transformation ................................:      2
! SUMMARY-  length_unit_and_si_unit ....................................:    177
! SUMMARY-  line .......................................................:    410
! SUMMARY-  manifold_solid_brep ........................................:      2
! SUMMARY-  next_assembly_usage_occurrence .............................:      2
! SUMMARY-  oriented_edge ..............................................:   2174
! SUMMARY-  plane ......................................................:     96
! SUMMARY-  plane_angle_unit_and_si_unit ...............................:    177
! SUMMARY-  product ....................................................:      3
! SUMMARY-  product_context ............................................:      3
! SUMMARY-  product_definition .........................................:      3
! SUMMARY-  product_definition_context .................................:      3
! SUMMARY-  product_definition_formation_with_specified_source .........:      3
! SUMMARY-  product_definition_shape ...................................:      5
! SUMMARY-  product_related_product_category ...........................:      3
! SUMMARY-  representation_relationship_with_transformation_and_shape ..:      2
! SUMMARY-  shape_representation .......................................:      3
! SUMMARY-  si_unit_and_solid_angle_unit ...............................:    177
! SUMMARY-  spherical_surface ..........................................:     38
! SUMMARY-  toroidal_surface ...........................................:     32
! SUMMARY-  uncertainty_measure_with_unit ..............................:    177
! SUMMARY-  vector .....................................................:    410
! SUMMARY-  vertex_point ...............................................:    654
! SUMMARY-                                                               -------
! SUMMARY-  Total                                                          21535
! STATUS-    
! STATUS-   Converting to Output Form (Phase 2 of 3): 9-APR-2023 3:54:46 PM
! STATUS-    
! WARNING-  Reference Set Name KP08 is changed to: KP08-c1.
! INFO-     CV0305 The entities referenced by a context_dependant_shape_rep are
! INFO-       not coded as to STEP Part 43 requirements.  The references to the
! INFO-       component and assembly pieces is out of order.  We will attempt
! INFO-       to correct this with the given data.  This problem should be
! INFO-       reported to the translator vendor whose product generated this
! INFO-       STEP file.  If we are unable to rectify this problem the
! INFO-       components may be positioned incorrectly.
! INFO-      
! STATUS-    
! STATUS-   Generating UG geometry and placing them in parts
! STATUS-    
! STATUS-   Creating the UG part (Phase 3 of 3): 9-APR-2023  3:54:48 PM
! INFO-     Filing Part ..: C:\Work\mamcw.prj\Model\Iter3\bearings\KP08\608RS
! SUMMARY-   
! SUMMARY-  Summary of Unigraphics Part Entities
! SUMMARY-   
! SUMMARY-  Entities Processed             Count
! SUMMARY-  ------------------             -----
! SUMMARY-  Solid .......................:     1
! SUMMARY-                                 -----
! SUMMARY-  Total                              1
! STATUS-   Creating the UG part (Phase 3 of 3): 9-APR-2023  3:54:48 PM
! INFO-     Filing Part ..: C:\Work\mamcw.prj\Model\Iter3\bearings\KP08\KP08
! SUMMARY-   
! SUMMARY-  Summary of Unigraphics Part Entities
! SUMMARY-   
! SUMMARY-  Entities Processed             Count
! SUMMARY-  ------------------             -----
! SUMMARY-  Solid .......................:     1
! SUMMARY-                                 -----
! SUMMARY-  Total                              1
! STATUS-   Creating the UG part (Phase 3 of 3): 9-APR-2023  3:54:48 PM
! INFO-     Filing Part ..: C:\Work\mamcw.prj\Model\Iter3\bearings\KP08\KP08_step.prt
! SUMMARY-   
! SUMMARY-  Summary of Unigraphics Part Entities
! SUMMARY-   
! SUMMARY-  Entities Processed             Count
! SUMMARY-  ------------------             -----
! SUMMARY-  Component ...................:     2
! SUMMARY-                                 -----
! SUMMARY-  Total                              2
! INFO-      
! INFO-     Total number of solids input for this translation       :         2
! INFO-      
! INFO-     Number of solids created without body validation faults :         2
! INFO-      
! INFO-     Number of solids created with body validation fault(s)  :         0
! INFO-      
! INFO-     Number of solids ending up as sheet bodies              :         0
! INFO-      
! INFO-     End of Translation: 9-APR-2023  3:54:49 PM
! INFO-      
